#
# A fatal error has been detected by the Java Runtime Environment:
#
#  EXCEPTION_ACCESS_VIOLATION (0xc0000005) at pc=0x00007ff9b41dc53a, pid=27920, tid=9988
#
# JRE version: OpenJDK Runtime Environment Corretto-19.0.2.7.1 (19.0.2+7) (build 19.0.2+7-FR)
# Java VM: OpenJDK 64-Bit Server VM Corretto-19.0.2.7.1 (19.0.2+7-FR, mixed mode, sharing, tiered, compressed oops, compressed class ptrs, g1 gc, windows-amd64)
# Problematic frame:
# C  [lwjgl_opengl.dll+0xc53a]
#
# No core dump will be written. Minidumps are not enabled by default on client versions of Windows
#
# If you would like to submit a bug report, please visit:
#   https://github.com/corretto/corretto-19/issues/
# The crash happened outside the Java Virtual Machine in native code.
# See problematic frame for where to report the bug.
#

---------------  S U M M A R Y ------------

Command Line: -Dfile.encoding=windows-1252 -Duser.country=DE -Duser.language=de -Duser.variant -ea Main

Host: AMD Ryzen 7 2700X Eight-Core Processor         , 16 cores, 31G,  Windows 11 , 64 bit Build 22621 (10.0.22621.2506)
Time: Mon Dec  4 13:38:26 2023 Mitteleuropäische Zeit elapsed time: 0.574424 seconds (0d 0h 0m 0s)

---------------  T H R E A D  ---------------

Current thread (0x0000022465b5c980):  JavaThread "main" [_thread_in_native, id=9988, stack(0x000000624eb00000,0x000000624ec00000)]

Stack: [0x000000624eb00000,0x000000624ec00000],  sp=0x000000624ebff478,  free space=1021k
Native frames: (J=compiled Java code, j=interpreted, Vv=VM code, C=native code)
C  [lwjgl_opengl.dll+0xc53a]

Java frames: (J=compiled Java code, j=interpreted, Vv=VM code)
j  org.lwjgl.opengl.GL11C.glEnable(I)V+0
j  org.lwjgl.opengl.GL11.glEnable(I)V+1
j  ruby.Window.init()V+165
j  ruby.Window.run()V+15
j  Main.main([Ljava/lang/String;)V+5
v  ~StubRoutines::call_stub 0x000002247519100e

siginfo: EXCEPTION_ACCESS_VIOLATION (0xc0000005), reading address 0x0000000000000000


Registers:
RAX=0x0000022417df9530, RBX=0x0000022413d729a0, RCX=0x0000000000000be2, RDX=0x0000000000000000
RSP=0x000000624ebff478, RBP=0x000000624ebff4f8, RSI=0x0000000000000260, RDI=0x00000224751ab796
R8 =0x0000000000000be2, R9 =0x0000000000000002, R10=0x00000224751af92e, R11=0x0000000620851668
R12=0x0000000000000000, R13=0x0000022413d72998, R14=0x000000624ebff518, R15=0x0000022465b5c980
RIP=0x00007ff9b41dc53a, EFLAGS=0x0000000000010206


Register to memory mapping:

RIP=0x00007ff9b41dc53a lwjgl_opengl.dll
RAX=0x0000022417df9530 points into unknown readable memory: 0x0000000000000000 | 00 00 00 00 00 00 00 00
RBX={method} {0x0000022413d729a8} 'glEnable' '(I)V' in 'org/lwjgl/opengl/GL11C'
RCX=0x0000000000000be2 is an unknown value
RDX=0x0 is NULL
RSP=0x000000624ebff478 is pointing into the stack for thread: 0x0000022465b5c980
RBP=0x000000624ebff4f8 is pointing into the stack for thread: 0x0000022465b5c980
RSI=0x0000000000000260 is an unknown value
RDI=0x00000224751ab796 is at code_begin+1110 in an Interpreter codelet
return entry points  [0x00000224751ab340, 0x00000224751abe20]  2784 bytes
R8 =0x0000000000000be2 is an unknown value
R9 =0x0000000000000002 is an unknown value
R10=0x00000224751af92e is at code_begin+1006 in an Interpreter codelet
method entry point (kind = native)  [0x00000224751af540, 0x00000224751b0050]  2832 bytes
R11=0x0000000620851668 is an oop: java.lang.Class 
{0x0000000620851668} - klass: 'java/lang/Class'
 - ---- fields (total size 116 words):
 - private volatile transient 'classRedefinedCount' 'I' @12  0
 - abstract internal 'klass' 'J' @16  34376644960 (101f960 8)
 - abstract internal 'array_klass' 'J' @24  0 (0 0)
 - abstract internal 'oop_size' 'I' @32  116 (74)
 - abstract internal 'static_oop_field_count' 'I' @36  0
 - private volatile transient 'cachedConstructor' 'Ljava/lang/reflect/Constructor;' @40  NULL (0)
 - private transient 'name' 'Ljava/lang/String;' @44  "org.lwjgl.opengl.GL11C"{0x0000000620851a18} (c410a343)
 - private transient 'module' 'Ljava/lang/Module;' @48  a 'java/lang/Module'{0x000000062106b870} (c420d70e)
 - private final 'classLoader' 'Ljava/lang/ClassLoader;' @52  a 'jdk/internal/loader/ClassLoaders$AppClassLoader'{0x000000062106b6b0} (c420d6d6)
 - private transient 'classData' 'Ljava/lang/Object;' @56  NULL (0)
 - private transient 'packageName' 'Ljava/lang/String;' @60  "org.lwjgl.opengl"{0x0000000620f574f0} (c41eae9e)
 - private final 'componentType' 'Ljava/lang/Class;' @64  NULL (0)
 - private volatile transient 'reflectionData' 'Ljava/lang/ref/SoftReference;' @68  NULL (0)
 - private volatile transient 'genericInfo' 'Lsun/reflect/generics/repository/ClassRepository;' @72  NULL (0)
 - private volatile transient 'enumConstants' '[Ljava/lang/Object;' @76  NULL (0)
 - private volatile transient 'enumConstantDirectory' 'Ljava/util/Map;' @80  NULL (0)
 - private volatile transient 'annotationData' 'Ljava/lang/Class$AnnotationData;' @84  NULL (0)
 - private volatile transient 'annotationType' 'Lsun/reflect/annotation/AnnotationType;' @88  NULL (0)
 - transient 'classValueMap' 'Ljava/lang/ClassValue$ClassValueMap;' @92  NULL (0)
 - abstract internal 'protection_domain' 'Ljava/lang/Object;' @96  a 'java/security/ProtectionDomain'{0x0000000620f69e60} (c41ed3cc)
 - abstract internal 'signers_name' 'Ljava/lang/Object;' @100  NULL (0)
 - abstract internal 'source_file' 'Ljava/lang/Object;' @104  NULL (0)
 - signature: Lorg/lwjgl/opengl/GL11C;
 - ---- static fields (0):
 - public static final 'GL_NEVER' 'I' @112  512 (200)
 - public static final 'GL_LESS' 'I' @116  513 (201)
 - public static final 'GL_EQUAL' 'I' @120  514 (202)
 - public static final 'GL_LEQUAL' 'I' @124  515 (203)
 - public static final 'GL_GREATER' 'I' @128  516 (204)
 - public static final 'GL_NOTEQUAL' 'I' @132  517 (205)
 - public static final 'GL_GEQUAL' 'I' @136  518 (206)
 - public static final 'GL_ALWAYS' 'I' @140  519 (207)
 - public static final 'GL_DEPTH_BUFFER_BIT' 'I' @144  256 (100)
 - public static final 'GL_STENCIL_BUFFER_BIT' 'I' @148  1024 (400)
 - public static final 'GL_COLOR_BUFFER_BIT' 'I' @152  16384 (4000)
 - public static final 'GL_POINTS' 'I' @156  0
 - public static final 'GL_LINES' 'I' @160  1
 - public static final 'GL_LINE_LOOP' 'I' @164  2
 - public static final 'GL_LINE_STRIP' 'I' @168  3
 - public static final 'GL_TRIANGLES' 'I' @172  4
 - public static final 'GL_TRIANGLE_STRIP' 'I' @176  5
 - public static final 'GL_TRIANGLE_FAN' 'I' @180  6
 - public static final 'GL_QUADS' 'I' @184  7
 - public static final 'GL_ZERO' 'I' @188  0
 - public static final 'GL_ONE' 'I' @192  1
 - public static final 'GL_SRC_COLOR' 'I' @196  768 (300)
 - public static final 'GL_ONE_MINUS_SRC_COLOR' 'I' @200  769 (301)
 - public static final 'GL_SRC_ALPHA' 'I' @204  770 (302)
 - public static final 'GL_ONE_MINUS_SRC_ALPHA' 'I' @208  771 (303)
 - public static final 'GL_DST_ALPHA' 'I' @212  772 (304)
 - public static final 'GL_ONE_MINUS_DST_ALPHA' 'I' @216  773 (305)
 - public static final 'GL_DST_COLOR' 'I' @220  774 (306)
 - public static final 'GL_ONE_MINUS_DST_COLOR' 'I' @224  775 (307)
 - public static final 'GL_SRC_ALPHA_SATURATE' 'I' @228  776 (308)
 - public static final 'GL_TRUE' 'I' @232  1
 - public static final 'GL_FALSE' 'I' @236  0
 - public static final 'GL_BYTE' 'I' @240  5120 (1400)
 - public static final 'GL_UNSIGNED_BYTE' 'I' @244  5121 (1401)
 - public static final 'GL_SHORT' 'I' @248  5122 (1402)
 - public static final 'GL_UNSIGNED_SHORT' 'I' @252  5123 (1403)
 - public static final 'GL_INT' 'I' @256  5124 (1404)
 - public static final 'GL_UNSIGNED_INT' 'I' @260  5125 (1405)
 - public static final 'GL_FLOAT' 'I' @264  5126 (1406)
 - public static final 'GL_DOUBLE' 'I' @268  5130 (140a)
 - public static final 'GL_NONE' 'I' @272  0
 - public static final 'GL_FRONT_LEFT' 'I' @276  1024 (400)
 - public static final 'GL_FRONT_RIGHT' 'I' @280  1025 (401)
 - public static final 'GL_BACK_LEFT' 'I' @284  1026 (402)
 - public static final 'GL_BACK_RIGHT' 'I' @288  1027 (403)
 - public static final 'GL_FRONT' 'I' @292  1028 (404)
 - public static final 'GL_BACK' 'I' @296  1029 (405)
 - public static final 'GL_LEFT' 'I' @300  1030 (406)
 - public static final 'GL_RIGHT' 'I' @304  1031 (407)
 - public static final 'GL_FRONT_AND_BACK' 'I' @308  1032 (408)
 - public static final 'GL_NO_ERROR' 'I' @312  0
 - public static final 'GL_INVALID_ENUM' 'I' @316  1280 (500)
 - public static final 'GL_INVALID_VALUE' 'I' @320  1281 (501)
 - public static final 'GL_INVALID_OPERATION' 'I' @324  1282 (502)
 - public static final 'GL_STACK_OVERFLOW' 'I' @328  1283 (503)
 - public static final 'GL_STACK_UNDERFLOW' 'I' @332  1284 (504)
 - public static final 'GL_OUT_OF_MEMORY' 'I' @336  1285 (505)
 - public static final 'GL_CW' 'I' @340  2304 (900)
 - public static final 'GL_CCW' 'I' @344  2305 (901)
 - public static final 'GL_POINT_SIZE' 'I' @348  2833 (b11)
 - public static final 'GL_POINT_SIZE_RANGE' 'I' @352  2834 (b12)
 - public static final 'GL_POINT_SIZE_GRANULARITY' 'I' @356  2835 (b13)
 - public static final 'GL_LINE_SMOOTH' 'I' @360  2848 (b20)
 - public static final 'GL_LINE_WIDTH' 'I' @364  2849 (b21)
 - public static final 'GL_LINE_WIDTH_RANGE' 'I' @368  2850 (b22)
 - public static final 'GL_LINE_WIDTH_GRANULARITY' 'I' @372  2851 (b23)
 - public static final 'GL_POLYGON_MODE' 'I' @376  2880 (b40)
 - public static final 'GL_POLYGON_SMOOTH' 'I' @380  2881 (b41)
 - public static final 'GL_CULL_FACE' 'I' @384  2884 (b44)
 - public static final 'GL_CULL_FACE_MODE' 'I' @388  2885 (b45)
 - public static final 'GL_FRONT_FACE' 'I' @392  2886 (b46)
 - public static final 'GL_DEPTH_RANGE' 'I' @396  2928 (b70)
 - public static final 'GL_DEPTH_TEST' 'I' @400  2929 (b71)
 - public static final 'GL_DEPTH_WRITEMASK' 'I' @404  2930 (b72)
 - public static final 'GL_DEPTH_CLEAR_VALUE' 'I' @408  2931 (b73)
 - public static final 'GL_DEPTH_FUNC' 'I' @412  2932 (b74)
 - public static final 'GL_STENCIL_TEST' 'I' @416  2960 (b90)
 - public static final 'GL_STENCIL_CLEAR_VALUE' 'I' @420  2961 (b91)
 - public static final 'GL_STENCIL_FUNC' 'I' @424  2962 (b92)
 - public static final 'GL_STENCIL_VALUE_MASK' 'I' @428  2963 (b93)
 - public static final 'GL_STENCIL_FAIL' 'I' @432  2964 (b94)
 - public static final 'GL_STENCIL_PASS_DEPTH_FAIL' 'I' @436  2965 (b95)
 - public static final 'GL_STENCIL_PASS_DEPTH_PASS' 'I' @440  2966 (b96)
 - public static final 'GL_STENCIL_REF' 'I' @444  2967 (b97)
 - public static final 'GL_STENCIL_WRITEMASK' 'I' @448  2968 (b98)
 - public static final 'GL_VIEWPORT' 'I' @452  2978 (ba2)
 - public static final 'GL_DITHER' 'I' @456  3024 (bd0)
 - public static final 'GL_BLEND_DST' 'I' @460  3040 (be0)
 - public static final 'GL_BLEND_SRC' 'I' @464  3041 (be1)
 - public static final 'GL_BLEND' 'I' @468  3042 (be2)
 - public static final 'GL_LOGIC_OP_MODE' 'I' @472  3056 (bf0)
 - public static final 'GL_COLOR_LOGIC_OP' 'I' @476  3058 (bf2)
 - public static final 'GL_DRAW_BUFFER' 'I' @480  3073 (c01)
 - public static final 'GL_READ_BUFFER' 'I' @484  3074 (c02)
 - public static final 'GL_SCISSOR_BOX' 'I' @488  3088 (c10)
 - public static final 'GL_SCISSOR_TEST' 'I' @492  3089 (c11)
 - public static final 'GL_COLOR_CLEAR_VALUE' 'I' @496  3106 (c22)
 - public static final 'GL_COLOR_WRITEMASK' 'I' @500  3107 (c23)
 - public static final 'GL_DOUBLEBUFFER' 'I' @504  3122 (c32)
 - public static final 'GL_STEREO' 'I' @508  3123 (c33)
 - public static final 'GL_LINE_SMOOTH_HINT' 'I' @512  3154 (c52)
 - public static final 'GL_POLYGON_SMOOTH_HINT' 'I' @516  3155 (c53)
 - public static final 'GL_UNPACK_SWAP_BYTES' 'I' @520  3312 (cf0)
 - public static final 'GL_UNPACK_LSB_FIRST' 'I' @524  3313 (cf1)
 - public static final 'GL_UNPACK_ROW_LENGTH' 'I' @528  3314 (cf2)
 - public static final 'GL_UNPACK_SKIP_ROWS' 'I' @532  3315 (cf3)
 - public static final 'GL_UNPACK_SKIP_PIXELS' 'I' @536  3316 (cf4)
 - public static final 'GL_UNPACK_ALIGNMENT' 'I' @540  3317 (cf5)
 - public static final 'GL_PACK_SWAP_BYTES' 'I' @544  3328 (d00)
 - public static final 'GL_PACK_LSB_FIRST' 'I' @548  3329 (d01)
 - public static final 'GL_PACK_ROW_LENGTH' 'I' @552  3330 (d02)
 - public static final 'GL_PACK_SKIP_ROWS' 'I' @556  3331 (d03)
 - public static final 'GL_PACK_SKIP_PIXELS' 'I' @560  3332 (d04)
 - public static final 'GL_PACK_ALIGNMENT' 'I' @564  3333 (d05)
 - public static final 'GL_MAX_TEXTURE_SIZE' 'I' @568  3379 (d33)
 - public static final 'GL_MAX_VIEWPORT_DIMS' 'I' @572  3386 (d3a)
 - public static final 'GL_SUBPIXEL_BITS' 'I' @576  3408 (d50)
 - public static final 'GL_TEXTURE_1D' 'I' @580  3552 (de0)
 - public static final 'GL_TEXTURE_2D' 'I' @584  3553 (de1)
 - public static final 'GL_TEXTURE_WIDTH' 'I' @588  4096 (1000)
 - public static final 'GL_TEXTURE_HEIGHT' 'I' @592  4097 (1001)
 - public static final 'GL_TEXTURE_INTERNAL_FORMAT' 'I' @596  4099 (1003)
 - public static final 'GL_TEXTURE_BORDER_COLOR' 'I' @600  4100 (1004)
 - public static final 'GL_DONT_CARE' 'I' @604  4352 (1100)
 - public static final 'GL_FASTEST' 'I' @608  4353 (1101)
 - public static final 'GL_NICEST' 'I' @612  4354 (1102)
 - public static final 'GL_CLEAR' 'I' @616  5376 (1500)
 - public static final 'GL_AND' 'I' @620  5377 (1501)
 - public static final 'GL_AND_REVERSE' 'I' @624  5378 (1502)
 - public static final 'GL_COPY' 'I' @628  5379 (1503)
 - public static final 'GL_AND_INVERTED' 'I' @632  5380 (1504)
 - public static final 'GL_NOOP' 'I' @636  5381 (1505)
 - public static final 'GL_XOR' 'I' @640  5382 (1506)
 - public static final 'GL_OR' 'I' @644  5383 (1507)
 - public static final 'GL_NOR' 'I' @648  5384 (1508)
 - public static final 'GL_EQUIV' 'I' @652  5385 (1509)
 - public static final 'GL_INVERT' 'I' @656  5386 (150a)
 - public static final 'GL_OR_REVERSE' 'I' @660  5387 (150b)
 - public static final 'GL_COPY_INVERTED' 'I' @664  5388 (150c)
 - public static final 'GL_OR_INVERTED' 'I' @668  5389 (150d)
 - public static final 'GL_NAND' 'I' @672  5390 (150e)
 - public static final 'GL_SET' 'I' @676  5391 (150f)
 - public static final 'GL_TEXTURE' 'I' @680  5890 (1702)
 - public static final 'GL_COLOR' 'I' @684  6144 (1800)
 - public static final 'GL_DEPTH' 'I' @688  6145 (1801)
 - public static final 'GL_STENCIL' 'I' @692  6146 (1802)
 - public static final 'GL_STENCIL_INDEX' 'I' @696  6401 (1901)
 - public static final 'GL_DEPTH_COMPONENT' 'I' @700  6402 (1902)
 - public static final 'GL_RED' 'I' @704  6403 (1903)
 - public static final 'GL_GREEN' 'I' @708  6404 (1904)
 - public static final 'GL_BLUE' 'I' @712  6405 (1905)
 - public static final 'GL_ALPHA' 'I' @716  6406 (1906)
 - public static final 'GL_RGB' 'I' @720  6407 (1907)
 - public static final 'GL_RGBA' 'I' @724  6408 (1908)
 - public static final 'GL_POINT' 'I' @728  6912 (1b00)
 - public static final 'GL_LINE' 'I' @732  6913 (1b01)
 - public static final 'GL_FILL' 'I' @736  6914 (1b02)
 - public static final 'GL_KEEP' 'I' @740  7680 (1e00)
 - public static final 'GL_REPLACE' 'I' @744  7681 (1e01)
 - public static final 'GL_INCR' 'I' @748  7682 (1e02)
 - public static final 'GL_DECR' 'I' @752  7683 (1e03)
 - public static final 'GL_VENDOR' 'I' @756  7936 (1f00)
 - public static final 'GL_RENDERER' 'I' @760  7937 (1f01)
 - public static final 'GL_VERSION' 'I' @764  7938 (1f02)
 - public static final 'GL_EXTENSIONS' 'I' @768  7939 (1f03)
 - public static final 'GL_NEAREST' 'I' @772  9728 (2600)
 - public static final 'GL_LINEAR' 'I' @776  9729 (2601)
 - public static final 'GL_NEAREST_MIPMAP_NEAREST' 'I' @780  9984 (2700)
 - public static final 'GL_LINEAR_MIPMAP_NEAREST' 'I' @784  9985 (2701)
 - public static final 'GL_NEAREST_MIPMAP_LINEAR' 'I' @788  9986 (2702)
 - public static final 'GL_LINEAR_MIPMAP_LINEAR' 'I' @792  9987 (2703)
 - public static final 'GL_TEXTURE_MAG_FILTER' 'I' @796  10240 (2800)
 - public static final 'GL_TEXTURE_MIN_FILTER' 'I' @800  10241 (2801)
 - public static final 'GL_TEXTURE_WRAP_S' 'I' @804  10242 (2802)
 - public static final 'GL_TEXTURE_WRAP_T' 'I' @808  10243 (2803)
 - public static final 'GL_REPEAT' 'I' @812  10497 (2901)
 - public static final 'GL_POLYGON_OFFSET_FACTOR' 'I' @816  32824 (8038)
 - public static final 'GL_POLYGON_OFFSET_UNITS' 'I' @820  10752 (2a00)
 - public static final 'GL_POLYGON_OFFSET_POINT' 'I' @824  10753 (2a01)
 - public static final 'GL_POLYGON_OFFSET_LINE' 'I' @828  10754 (2a02)
 - public static final 'GL_POLYGON_OFFSET_FILL' 'I' @832  32823 (8037)
 - public static final 'GL_R3_G3_B2' 'I' @836  10768 (2a10)
 - public static final 'GL_RGB4' 'I' @840  32847 (804f)
 - public static final 'GL_RGB5' 'I' @844  32848 (8050)
 - public static final 'GL_RGB8' 'I' @848  32849 (8051)
 - public static final 'GL_RGB10' 'I' @852  32850 (8052)
 - public static final 'GL_RGB12' 'I' @856  32851 (8053)
 - public static final 'GL_RGB16' 'I' @860  32852 (8054)
 - public static final 'GL_RGBA2' 'I' @864  32853 (8055)
 - public static final 'GL_RGBA4' 'I' @868  32854 (8056)
 - public static final 'GL_RGB5_A1' 'I' @872  32855 (8057)
 - public static final 'GL_RGBA8' 'I' @876  32856 (8058)
 - public static final 'GL_RGB10_A2' 'I' @880  32857 (8059)
 - public static final 'GL_RGBA12' 'I' @884  32858 (805a)
 - public static final 'GL_RGBA16' 'I' @888  32859 (805b)
 - public static final 'GL_TEXTURE_RED_SIZE' 'I' @892  32860 (805c)
 - public static final 'GL_TEXTURE_GREEN_SIZE' 'I' @896  32861 (805d)
 - public static final 'GL_TEXTURE_BLUE_SIZE' 'I' @900  32862 (805e)
 - public static final 'GL_TEXTURE_ALPHA_SIZE' 'I' @904  32863 (805f)
 - public static final 'GL_PROXY_TEXTURE_1D' 'I' @908  32867 (8063)
 - public static final 'GL_PROXY_TEXTURE_2D' 'I' @912  32868 (8064)
 - public static final 'GL_TEXTURE_BINDING_1D' 'I' @916  32872 (8068)
 - public static final 'GL_TEXTURE_BINDING_2D' 'I' @920  32873 (8069)
 - public static final 'GL_VERTEX_ARRAY' 'I' @924  32884 (8074)
R12=0x0 is NULL
R13=0x0000022413d72998 is pointing into metadata
R14=0x000000624ebff518 is pointing into the stack for thread: 0x0000022465b5c980
R15=0x0000022465b5c980 is a thread


Top of Stack: (sp=0x000000624ebff478)
0x000000624ebff478:   00000224751af95d 0000022413d729a0
0x000000624ebff488:   0000000000000260 0000000000000260
0x000000624ebff498:   0000022413cf7a78 0000022413d37330
0x000000624ebff4a8:   00000224751af5f6 000000624ebff4b0
0x000000624ebff4b8:   0000022413d72998 000000624ebff518
0x000000624ebff4c8:   0000022413d7d460 0000000000000000
0x000000624ebff4d8:   0000000620851668 0000022413d729a0
0x000000624ebff4e8:   0000000000000000 000000624ebff518
0x000000624ebff4f8:   000000624ebff568 00000224751ab796
0x000000624ebff508:   0000000620851668 00000224751ad197
0x000000624ebff518:   0000000000000be2 000000624ebff520
0x000000624ebff528:   0000022413d37309 000000624ebff578
0x000000624ebff538:   0000022413d62d90 0000000000000000
0x000000624ebff548:   0000000620fed870 0000022413d37330
0x000000624ebff558:   000000624ebff518 000000624ebff578
0x000000624ebff568:   000000624ebff5c8 00000224751ab796 

Instructions: (pc=0x00007ff9b41dc53a)
0x00007ff9b41dc43a:   44 24 30 41 8b d1 44 8b 4c 24 38 8b cb 4c 8b 50
0x00007ff9b41dc44a:   18 5b 49 ff a2 40 0a 00 00 cc cc cc cc cc cc cc
0x00007ff9b41dc45a:   cc cc cc cc cc cc 48 8b 01 0f 28 cb f2 0f 10 5c
0x00007ff9b41dc46a:   24 30 0f 28 c2 f2 0f 10 54 24 28 48 8b 48 18 48
0x00007ff9b41dc47a:   ff a1 48 0a 00 00 48 8b 01 49 8b c8 48 8b 50 18
0x00007ff9b41dc48a:   48 ff a2 50 0a 00 00 cc cc cc cc cc cc cc cc cc
0x00007ff9b41dc49a:   cc cc cc cc cc cc 48 8b 01 49 8b c8 48 8b 50 18
0x00007ff9b41dc4aa:   48 ff a2 58 0a 00 00 cc cc cc cc cc cc cc cc cc
0x00007ff9b41dc4ba:   cc cc cc cc cc cc 48 8b 01 49 8b c8 48 8b 50 18
0x00007ff9b41dc4ca:   48 ff a2 60 0a 00 00 cc cc cc cc cc cc cc cc cc
0x00007ff9b41dc4da:   cc cc cc cc cc cc 48 8b 01 49 8b c8 48 8b 50 18
0x00007ff9b41dc4ea:   48 ff a2 68 0a 00 00 cc cc cc cc cc cc cc cc cc
0x00007ff9b41dc4fa:   cc cc cc cc cc cc 40 53 48 8b 01 41 8b d8 44 8b
0x00007ff9b41dc50a:   44 24 30 41 8b d1 4c 8b 4c 24 38 8b cb 4c 8b 50
0x00007ff9b41dc51a:   18 5b 49 ff a2 70 0a 00 00 cc cc cc cc cc cc cc
0x00007ff9b41dc52a:   cc cc cc cc cc cc 48 8b 01 41 8b c8 48 8b 50 18
0x00007ff9b41dc53a:   48 ff 22 cc cc cc 48 8b 01 41 8b c8 48 8b 50 18
0x00007ff9b41dc54a:   48 ff 62 08 cc cc 48 8b 01 41 8b d1 41 8b c8 4c
0x00007ff9b41dc55a:   8b 50 18 49 ff 62 38 cc cc cc cc cc cc cc cc cc
0x00007ff9b41dc56a:   cc cc cc cc cc cc 48 8b 01 41 8b d1 41 8b c8 4c
0x00007ff9b41dc57a:   8b 50 18 49 ff 62 48 cc cc cc cc cc cc cc cc cc
0x00007ff9b41dc58a:   cc cc cc cc cc cc 48 8b 01 41 8b c8 48 8b 50 18
0x00007ff9b41dc59a:   48 ff 62 60 cc cc 48 8b 01 0f 28 cb f3 0f 10 5c
0x00007ff9b41dc5aa:   24 30 0f 28 c2 f3 0f 10 54 24 28 48 8b 48 18 48
0x00007ff9b41dc5ba:   ff 61 70 cc cc cc 48 8b 01 0f 28 c2 48 8b 48 18
0x00007ff9b41dc5ca:   48 ff 61 78 cc cc 48 8b 01 41 8b c8 48 8b 50 18
0x00007ff9b41dc5da:   48 ff a2 88 00 00 00 cc cc cc cc cc cc cc cc cc
0x00007ff9b41dc5ea:   cc cc cc cc cc cc 40 53 48 8b 01 41 0f b6 d8 44
0x00007ff9b41dc5fa:   0f b6 44 24 30 41 0f b6 d1 44 0f b6 4c 24 38 0f
0x00007ff9b41dc60a:   b6 cb 4c 8b 50 18 5b 49 ff a2 98 01 00 00 cc cc
0x00007ff9b41dc61a:   cc cc cc cc cc cc 48 8b 01 41 8b c8 48 8b 50 18
0x00007ff9b41dc62a:   48 ff a2 b8 01 00 00 cc cc cc cc cc cc cc cc cc 


Stack slot to memory mapping:
stack at sp + 0 slots: 0x00000224751af95d is at code_begin+1053 in an Interpreter codelet
method entry point (kind = native)  [0x00000224751af540, 0x00000224751b0050]  2832 bytes
stack at sp + 1 slots: {method} {0x0000022413d729a8} 'glEnable' '(I)V' in 'org/lwjgl/opengl/GL11C'
stack at sp + 2 slots: 0x0000000000000260 is an unknown value
stack at sp + 3 slots: 0x0000000000000260 is an unknown value
stack at sp + 4 slots: 0x0000022413cf7a78 is pointing into metadata
stack at sp + 5 slots: {method} {0x0000022413d37338} 'glEnable' '(I)V' in 'org/lwjgl/opengl/GL11'
stack at sp + 6 slots: 0x00000224751af5f6 is at code_begin+182 in an Interpreter codelet
method entry point (kind = native)  [0x00000224751af540, 0x00000224751b0050]  2832 bytes
stack at sp + 7 slots: 0x000000624ebff4b0 is pointing into the stack for thread: 0x0000022465b5c980


---------------  P R O C E S S  ---------------

Threads class SMR info:
_java_thread_list=0x000002241851f530, length=13, elements={
0x0000022465b5c980, 0x0000022417813a30, 0x0000022417814720, 0x0000022417815f30,
0x000002241781a0e0, 0x0000022417820650, 0x0000022417820b90, 0x0000022417824560,
0x000002241782cf00, 0x000002241783f880, 0x00000224179296d0, 0x000002241795a3b0,
0x000002241795ed60
}

Java Threads: ( => current thread )
=>0x0000022465b5c980 JavaThread "main" [_thread_in_native, id=9988, stack(0x000000624eb00000,0x000000624ec00000)]
  0x0000022417813a30 JavaThread "Reference Handler" daemon [_thread_blocked, id=6928, stack(0x000000624f200000,0x000000624f300000)]
  0x0000022417814720 JavaThread "Finalizer" daemon [_thread_blocked, id=25984, stack(0x000000624f300000,0x000000624f400000)]
  0x0000022417815f30 JavaThread "Signal Dispatcher" daemon [_thread_blocked, id=27960, stack(0x000000624f400000,0x000000624f500000)]
  0x000002241781a0e0 JavaThread "Attach Listener" daemon [_thread_blocked, id=15132, stack(0x000000624f500000,0x000000624f600000)]
  0x0000022417820650 JavaThread "Service Thread" daemon [_thread_blocked, id=30292, stack(0x000000624f600000,0x000000624f700000)]
  0x0000022417820b90 JavaThread "Monitor Deflation Thread" daemon [_thread_blocked, id=7316, stack(0x000000624f700000,0x000000624f800000)]
  0x0000022417824560 JavaThread "C2 CompilerThread0" daemon [_thread_blocked, id=16572, stack(0x000000624f800000,0x000000624f900000)]
  0x000002241782cf00 JavaThread "C1 CompilerThread0" daemon [_thread_blocked, id=31364, stack(0x000000624f900000,0x000000624fa00000)]
  0x000002241783f880 JavaThread "Sweeper thread" daemon [_thread_blocked, id=14332, stack(0x000000624fa00000,0x000000624fb00000)]
  0x00000224179296d0 JavaThread "C1 CompilerThread1" daemon [_thread_blocked, id=28512, stack(0x000000624fb00000,0x000000624fc00000)]
  0x000002241795a3b0 JavaThread "Notification Thread" daemon [_thread_blocked, id=4948, stack(0x000000624fc00000,0x000000624fd00000)]
  0x000002241795ed60 JavaThread "Common-Cleaner" daemon [_thread_blocked, id=2412, stack(0x000000624fe00000,0x000000624ff00000)]

Other Threads:
  0x000002247f886980 VMThread "VM Thread" [stack: 0x000000624f100000,0x000000624f200000] [id=10604]
  0x000002241795a8f0 WatcherThread "VM Periodic Task Thread" [stack: 0x000000624fd00000,0x000000624fe00000] [id=27440]
  0x0000022465c0ca50 WorkerThread "GC Thread#0" [stack: 0x000000624ec00000,0x000000624ed00000] [id=29844]
  0x0000022465c1daa0 ConcurrentGCThread "G1 Main Marker" [stack: 0x000000624ed00000,0x000000624ee00000] [id=27592]
  0x0000022465c1ec70 WorkerThread "G1 Conc#0" [stack: 0x000000624ee00000,0x000000624ef00000] [id=25400]
  0x000002247f7397f0 ConcurrentGCThread "G1 Refine#0" [stack: 0x000000624ef00000,0x000000624f000000] [id=19336]
  0x000002247f73a330 ConcurrentGCThread "G1 Service" [stack: 0x000000624f000000,0x000000624f100000] [id=17840]

Threads with active compile tasks:

VM state: not at safepoint (normal execution)

VM Mutex/Monitor currently owned by a thread: None

Heap address: 0x0000000601400000, size: 8172 MB, Compressed Oops mode: Zero based, Oop shift amount: 3

CDS archive(s) mapped at: [0x0000000800000000-0x0000000800c40000-0x0000000800c40000), size 12845056, SharedBaseAddress: 0x0000000800000000, ArchiveRelocationMode: 0.
Compressed class space mapped at: 0x0000000801000000-0x0000000841000000, reserved size: 1073741824
Narrow klass base: 0x0000000800000000, Narrow klass shift: 0, Narrow klass range: 0x100000000

GC Precious Log:
 CardTable entry size: 512
 Card Set container configuration: InlinePtr #cards 4 size 8 Array Of Cards #cards 32 size 80 Howl #buckets 8 coarsen threshold 7372 Howl Bitmap #cards 1024 size 144 coarsen threshold 921 Card regions per heap region 1 cards per card region 8192
 CPUs: 16 total, 16 available
 Memory: 32687M
 Large Page Support: Disabled
 NUMA Support: Disabled
 Compressed Oops: Enabled (Zero based)
 Heap Region Size: 4M
 Heap Min Capacity: 8M
 Heap Initial Capacity: 512M
 Heap Max Capacity: 8172M
 Pre-touch: Disabled
 Parallel Workers: 13
 Concurrent Workers: 3
 Concurrent Refinement Workers: 13
 Periodic GC: Disabled

Heap:
 garbage-first heap   total 524288K, used 8192K [0x0000000601400000, 0x0000000800000000)
  region size 4096K, 3 young (12288K), 0 survivors (0K)
 Metaspace       used 3419K, committed 3584K, reserved 1114112K
  class space    used 222K, committed 320K, reserved 1048576K

Heap Regions: E=young(eden), S=young(survivor), O=old, HS=humongous(starts), HC=humongous(continues), CS=collection set, F=free, OA=open archive, CA=closed archive, TAMS=top-at-mark-start (previous, next)
|   0|0x0000000601400000, 0x0000000601400000, 0x0000000601800000|  0%| F|  |TAMS 0x0000000601400000, 0x0000000601400000| Untracked 
|   1|0x0000000601800000, 0x0000000601800000, 0x0000000601c00000|  0%| F|  |TAMS 0x0000000601800000, 0x0000000601800000| Untracked 
|   2|0x0000000601c00000, 0x0000000601c00000, 0x0000000602000000|  0%| F|  |TAMS 0x0000000601c00000, 0x0000000601c00000| Untracked 
|   3|0x0000000602000000, 0x0000000602000000, 0x0000000602400000|  0%| F|  |TAMS 0x0000000602000000, 0x0000000602000000| Untracked 
|   4|0x0000000602400000, 0x0000000602400000, 0x0000000602800000|  0%| F|  |TAMS 0x0000000602400000, 0x0000000602400000| Untracked 
|   5|0x0000000602800000, 0x0000000602800000, 0x0000000602c00000|  0%| F|  |TAMS 0x0000000602800000, 0x0000000602800000| Untracked 
|   6|0x0000000602c00000, 0x0000000602c00000, 0x0000000603000000|  0%| F|  |TAMS 0x0000000602c00000, 0x0000000602c00000| Untracked 
|   7|0x0000000603000000, 0x0000000603000000, 0x0000000603400000|  0%| F|  |TAMS 0x0000000603000000, 0x0000000603000000| Untracked 
|   8|0x0000000603400000, 0x0000000603400000, 0x0000000603800000|  0%| F|  |TAMS 0x0000000603400000, 0x0000000603400000| Untracked 
|   9|0x0000000603800000, 0x0000000603800000, 0x0000000603c00000|  0%| F|  |TAMS 0x0000000603800000, 0x0000000603800000| Untracked 
|  10|0x0000000603c00000, 0x0000000603c00000, 0x0000000604000000|  0%| F|  |TAMS 0x0000000603c00000, 0x0000000603c00000| Untracked 
|  11|0x0000000604000000, 0x0000000604000000, 0x0000000604400000|  0%| F|  |TAMS 0x0000000604000000, 0x0000000604000000| Untracked 
|  12|0x0000000604400000, 0x0000000604400000, 0x0000000604800000|  0%| F|  |TAMS 0x0000000604400000, 0x0000000604400000| Untracked 
|  13|0x0000000604800000, 0x0000000604800000, 0x0000000604c00000|  0%| F|  |TAMS 0x0000000604800000, 0x0000000604800000| Untracked 
|  14|0x0000000604c00000, 0x0000000604c00000, 0x0000000605000000|  0%| F|  |TAMS 0x0000000604c00000, 0x0000000604c00000| Untracked 
|  15|0x0000000605000000, 0x0000000605000000, 0x0000000605400000|  0%| F|  |TAMS 0x0000000605000000, 0x0000000605000000| Untracked 
|  16|0x0000000605400000, 0x0000000605400000, 0x0000000605800000|  0%| F|  |TAMS 0x0000000605400000, 0x0000000605400000| Untracked 
|  17|0x0000000605800000, 0x0000000605800000, 0x0000000605c00000|  0%| F|  |TAMS 0x0000000605800000, 0x0000000605800000| Untracked 
|  18|0x0000000605c00000, 0x0000000605c00000, 0x0000000606000000|  0%| F|  |TAMS 0x0000000605c00000, 0x0000000605c00000| Untracked 
|  19|0x0000000606000000, 0x0000000606000000, 0x0000000606400000|  0%| F|  |TAMS 0x0000000606000000, 0x0000000606000000| Untracked 
|  20|0x0000000606400000, 0x0000000606400000, 0x0000000606800000|  0%| F|  |TAMS 0x0000000606400000, 0x0000000606400000| Untracked 
|  21|0x0000000606800000, 0x0000000606800000, 0x0000000606c00000|  0%| F|  |TAMS 0x0000000606800000, 0x0000000606800000| Untracked 
|  22|0x0000000606c00000, 0x0000000606c00000, 0x0000000607000000|  0%| F|  |TAMS 0x0000000606c00000, 0x0000000606c00000| Untracked 
|  23|0x0000000607000000, 0x0000000607000000, 0x0000000607400000|  0%| F|  |TAMS 0x0000000607000000, 0x0000000607000000| Untracked 
|  24|0x0000000607400000, 0x0000000607400000, 0x0000000607800000|  0%| F|  |TAMS 0x0000000607400000, 0x0000000607400000| Untracked 
|  25|0x0000000607800000, 0x0000000607800000, 0x0000000607c00000|  0%| F|  |TAMS 0x0000000607800000, 0x0000000607800000| Untracked 
|  26|0x0000000607c00000, 0x0000000607c00000, 0x0000000608000000|  0%| F|  |TAMS 0x0000000607c00000, 0x0000000607c00000| Untracked 
|  27|0x0000000608000000, 0x0000000608000000, 0x0000000608400000|  0%| F|  |TAMS 0x0000000608000000, 0x0000000608000000| Untracked 
|  28|0x0000000608400000, 0x0000000608400000, 0x0000000608800000|  0%| F|  |TAMS 0x0000000608400000, 0x0000000608400000| Untracked 
|  29|0x0000000608800000, 0x0000000608800000, 0x0000000608c00000|  0%| F|  |TAMS 0x0000000608800000, 0x0000000608800000| Untracked 
|  30|0x0000000608c00000, 0x0000000608c00000, 0x0000000609000000|  0%| F|  |TAMS 0x0000000608c00000, 0x0000000608c00000| Untracked 
|  31|0x0000000609000000, 0x0000000609000000, 0x0000000609400000|  0%| F|  |TAMS 0x0000000609000000, 0x0000000609000000| Untracked 
|  32|0x0000000609400000, 0x0000000609400000, 0x0000000609800000|  0%| F|  |TAMS 0x0000000609400000, 0x0000000609400000| Untracked 
|  33|0x0000000609800000, 0x0000000609800000, 0x0000000609c00000|  0%| F|  |TAMS 0x0000000609800000, 0x0000000609800000| Untracked 
|  34|0x0000000609c00000, 0x0000000609c00000, 0x000000060a000000|  0%| F|  |TAMS 0x0000000609c00000, 0x0000000609c00000| Untracked 
|  35|0x000000060a000000, 0x000000060a000000, 0x000000060a400000|  0%| F|  |TAMS 0x000000060a000000, 0x000000060a000000| Untracked 
|  36|0x000000060a400000, 0x000000060a400000, 0x000000060a800000|  0%| F|  |TAMS 0x000000060a400000, 0x000000060a400000| Untracked 
|  37|0x000000060a800000, 0x000000060a800000, 0x000000060ac00000|  0%| F|  |TAMS 0x000000060a800000, 0x000000060a800000| Untracked 
|  38|0x000000060ac00000, 0x000000060ac00000, 0x000000060b000000|  0%| F|  |TAMS 0x000000060ac00000, 0x000000060ac00000| Untracked 
|  39|0x000000060b000000, 0x000000060b000000, 0x000000060b400000|  0%| F|  |TAMS 0x000000060b000000, 0x000000060b000000| Untracked 
|  40|0x000000060b400000, 0x000000060b400000, 0x000000060b800000|  0%| F|  |TAMS 0x000000060b400000, 0x000000060b400000| Untracked 
|  41|0x000000060b800000, 0x000000060b800000, 0x000000060bc00000|  0%| F|  |TAMS 0x000000060b800000, 0x000000060b800000| Untracked 
|  42|0x000000060bc00000, 0x000000060bc00000, 0x000000060c000000|  0%| F|  |TAMS 0x000000060bc00000, 0x000000060bc00000| Untracked 
|  43|0x000000060c000000, 0x000000060c000000, 0x000000060c400000|  0%| F|  |TAMS 0x000000060c000000, 0x000000060c000000| Untracked 
|  44|0x000000060c400000, 0x000000060c400000, 0x000000060c800000|  0%| F|  |TAMS 0x000000060c400000, 0x000000060c400000| Untracked 
|  45|0x000000060c800000, 0x000000060c800000, 0x000000060cc00000|  0%| F|  |TAMS 0x000000060c800000, 0x000000060c800000| Untracked 
|  46|0x000000060cc00000, 0x000000060cc00000, 0x000000060d000000|  0%| F|  |TAMS 0x000000060cc00000, 0x000000060cc00000| Untracked 
|  47|0x000000060d000000, 0x000000060d000000, 0x000000060d400000|  0%| F|  |TAMS 0x000000060d000000, 0x000000060d000000| Untracked 
|  48|0x000000060d400000, 0x000000060d400000, 0x000000060d800000|  0%| F|  |TAMS 0x000000060d400000, 0x000000060d400000| Untracked 
|  49|0x000000060d800000, 0x000000060d800000, 0x000000060dc00000|  0%| F|  |TAMS 0x000000060d800000, 0x000000060d800000| Untracked 
|  50|0x000000060dc00000, 0x000000060dc00000, 0x000000060e000000|  0%| F|  |TAMS 0x000000060dc00000, 0x000000060dc00000| Untracked 
|  51|0x000000060e000000, 0x000000060e000000, 0x000000060e400000|  0%| F|  |TAMS 0x000000060e000000, 0x000000060e000000| Untracked 
|  52|0x000000060e400000, 0x000000060e400000, 0x000000060e800000|  0%| F|  |TAMS 0x000000060e400000, 0x000000060e400000| Untracked 
|  53|0x000000060e800000, 0x000000060e800000, 0x000000060ec00000|  0%| F|  |TAMS 0x000000060e800000, 0x000000060e800000| Untracked 
|  54|0x000000060ec00000, 0x000000060ec00000, 0x000000060f000000|  0%| F|  |TAMS 0x000000060ec00000, 0x000000060ec00000| Untracked 
|  55|0x000000060f000000, 0x000000060f000000, 0x000000060f400000|  0%| F|  |TAMS 0x000000060f000000, 0x000000060f000000| Untracked 
|  56|0x000000060f400000, 0x000000060f400000, 0x000000060f800000|  0%| F|  |TAMS 0x000000060f400000, 0x000000060f400000| Untracked 
|  57|0x000000060f800000, 0x000000060f800000, 0x000000060fc00000|  0%| F|  |TAMS 0x000000060f800000, 0x000000060f800000| Untracked 
|  58|0x000000060fc00000, 0x000000060fc00000, 0x0000000610000000|  0%| F|  |TAMS 0x000000060fc00000, 0x000000060fc00000| Untracked 
|  59|0x0000000610000000, 0x0000000610000000, 0x0000000610400000|  0%| F|  |TAMS 0x0000000610000000, 0x0000000610000000| Untracked 
|  60|0x0000000610400000, 0x0000000610400000, 0x0000000610800000|  0%| F|  |TAMS 0x0000000610400000, 0x0000000610400000| Untracked 
|  61|0x0000000610800000, 0x0000000610800000, 0x0000000610c00000|  0%| F|  |TAMS 0x0000000610800000, 0x0000000610800000| Untracked 
|  62|0x0000000610c00000, 0x0000000610c00000, 0x0000000611000000|  0%| F|  |TAMS 0x0000000610c00000, 0x0000000610c00000| Untracked 
|  63|0x0000000611000000, 0x0000000611000000, 0x0000000611400000|  0%| F|  |TAMS 0x0000000611000000, 0x0000000611000000| Untracked 
|  64|0x0000000611400000, 0x0000000611400000, 0x0000000611800000|  0%| F|  |TAMS 0x0000000611400000, 0x0000000611400000| Untracked 
|  65|0x0000000611800000, 0x0000000611800000, 0x0000000611c00000|  0%| F|  |TAMS 0x0000000611800000, 0x0000000611800000| Untracked 
|  66|0x0000000611c00000, 0x0000000611c00000, 0x0000000612000000|  0%| F|  |TAMS 0x0000000611c00000, 0x0000000611c00000| Untracked 
|  67|0x0000000612000000, 0x0000000612000000, 0x0000000612400000|  0%| F|  |TAMS 0x0000000612000000, 0x0000000612000000| Untracked 
|  68|0x0000000612400000, 0x0000000612400000, 0x0000000612800000|  0%| F|  |TAMS 0x0000000612400000, 0x0000000612400000| Untracked 
|  69|0x0000000612800000, 0x0000000612800000, 0x0000000612c00000|  0%| F|  |TAMS 0x0000000612800000, 0x0000000612800000| Untracked 
|  70|0x0000000612c00000, 0x0000000612c00000, 0x0000000613000000|  0%| F|  |TAMS 0x0000000612c00000, 0x0000000612c00000| Untracked 
|  71|0x0000000613000000, 0x0000000613000000, 0x0000000613400000|  0%| F|  |TAMS 0x0000000613000000, 0x0000000613000000| Untracked 
|  72|0x0000000613400000, 0x0000000613400000, 0x0000000613800000|  0%| F|  |TAMS 0x0000000613400000, 0x0000000613400000| Untracked 
|  73|0x0000000613800000, 0x0000000613800000, 0x0000000613c00000|  0%| F|  |TAMS 0x0000000613800000, 0x0000000613800000| Untracked 
|  74|0x0000000613c00000, 0x0000000613c00000, 0x0000000614000000|  0%| F|  |TAMS 0x0000000613c00000, 0x0000000613c00000| Untracked 
|  75|0x0000000614000000, 0x0000000614000000, 0x0000000614400000|  0%| F|  |TAMS 0x0000000614000000, 0x0000000614000000| Untracked 
|  76|0x0000000614400000, 0x0000000614400000, 0x0000000614800000|  0%| F|  |TAMS 0x0000000614400000, 0x0000000614400000| Untracked 
|  77|0x0000000614800000, 0x0000000614800000, 0x0000000614c00000|  0%| F|  |TAMS 0x0000000614800000, 0x0000000614800000| Untracked 
|  78|0x0000000614c00000, 0x0000000614c00000, 0x0000000615000000|  0%| F|  |TAMS 0x0000000614c00000, 0x0000000614c00000| Untracked 
|  79|0x0000000615000000, 0x0000000615000000, 0x0000000615400000|  0%| F|  |TAMS 0x0000000615000000, 0x0000000615000000| Untracked 
|  80|0x0000000615400000, 0x0000000615400000, 0x0000000615800000|  0%| F|  |TAMS 0x0000000615400000, 0x0000000615400000| Untracked 
|  81|0x0000000615800000, 0x0000000615800000, 0x0000000615c00000|  0%| F|  |TAMS 0x0000000615800000, 0x0000000615800000| Untracked 
|  82|0x0000000615c00000, 0x0000000615c00000, 0x0000000616000000|  0%| F|  |TAMS 0x0000000615c00000, 0x0000000615c00000| Untracked 
|  83|0x0000000616000000, 0x0000000616000000, 0x0000000616400000|  0%| F|  |TAMS 0x0000000616000000, 0x0000000616000000| Untracked 
|  84|0x0000000616400000, 0x0000000616400000, 0x0000000616800000|  0%| F|  |TAMS 0x0000000616400000, 0x0000000616400000| Untracked 
|  85|0x0000000616800000, 0x0000000616800000, 0x0000000616c00000|  0%| F|  |TAMS 0x0000000616800000, 0x0000000616800000| Untracked 
|  86|0x0000000616c00000, 0x0000000616c00000, 0x0000000617000000|  0%| F|  |TAMS 0x0000000616c00000, 0x0000000616c00000| Untracked 
|  87|0x0000000617000000, 0x0000000617000000, 0x0000000617400000|  0%| F|  |TAMS 0x0000000617000000, 0x0000000617000000| Untracked 
|  88|0x0000000617400000, 0x0000000617400000, 0x0000000617800000|  0%| F|  |TAMS 0x0000000617400000, 0x0000000617400000| Untracked 
|  89|0x0000000617800000, 0x0000000617800000, 0x0000000617c00000|  0%| F|  |TAMS 0x0000000617800000, 0x0000000617800000| Untracked 
|  90|0x0000000617c00000, 0x0000000617c00000, 0x0000000618000000|  0%| F|  |TAMS 0x0000000617c00000, 0x0000000617c00000| Untracked 
|  91|0x0000000618000000, 0x0000000618000000, 0x0000000618400000|  0%| F|  |TAMS 0x0000000618000000, 0x0000000618000000| Untracked 
|  92|0x0000000618400000, 0x0000000618400000, 0x0000000618800000|  0%| F|  |TAMS 0x0000000618400000, 0x0000000618400000| Untracked 
|  93|0x0000000618800000, 0x0000000618800000, 0x0000000618c00000|  0%| F|  |TAMS 0x0000000618800000, 0x0000000618800000| Untracked 
|  94|0x0000000618c00000, 0x0000000618c00000, 0x0000000619000000|  0%| F|  |TAMS 0x0000000618c00000, 0x0000000618c00000| Untracked 
|  95|0x0000000619000000, 0x0000000619000000, 0x0000000619400000|  0%| F|  |TAMS 0x0000000619000000, 0x0000000619000000| Untracked 
|  96|0x0000000619400000, 0x0000000619400000, 0x0000000619800000|  0%| F|  |TAMS 0x0000000619400000, 0x0000000619400000| Untracked 
|  97|0x0000000619800000, 0x0000000619800000, 0x0000000619c00000|  0%| F|  |TAMS 0x0000000619800000, 0x0000000619800000| Untracked 
|  98|0x0000000619c00000, 0x0000000619c00000, 0x000000061a000000|  0%| F|  |TAMS 0x0000000619c00000, 0x0000000619c00000| Untracked 
|  99|0x000000061a000000, 0x000000061a000000, 0x000000061a400000|  0%| F|  |TAMS 0x000000061a000000, 0x000000061a000000| Untracked 
| 100|0x000000061a400000, 0x000000061a400000, 0x000000061a800000|  0%| F|  |TAMS 0x000000061a400000, 0x000000061a400000| Untracked 
| 101|0x000000061a800000, 0x000000061a800000, 0x000000061ac00000|  0%| F|  |TAMS 0x000000061a800000, 0x000000061a800000| Untracked 
| 102|0x000000061ac00000, 0x000000061ac00000, 0x000000061b000000|  0%| F|  |TAMS 0x000000061ac00000, 0x000000061ac00000| Untracked 
| 103|0x000000061b000000, 0x000000061b000000, 0x000000061b400000|  0%| F|  |TAMS 0x000000061b000000, 0x000000061b000000| Untracked 
| 104|0x000000061b400000, 0x000000061b400000, 0x000000061b800000|  0%| F|  |TAMS 0x000000061b400000, 0x000000061b400000| Untracked 
| 105|0x000000061b800000, 0x000000061b800000, 0x000000061bc00000|  0%| F|  |TAMS 0x000000061b800000, 0x000000061b800000| Untracked 
| 106|0x000000061bc00000, 0x000000061bc00000, 0x000000061c000000|  0%| F|  |TAMS 0x000000061bc00000, 0x000000061bc00000| Untracked 
| 107|0x000000061c000000, 0x000000061c000000, 0x000000061c400000|  0%| F|  |TAMS 0x000000061c000000, 0x000000061c000000| Untracked 
| 108|0x000000061c400000, 0x000000061c400000, 0x000000061c800000|  0%| F|  |TAMS 0x000000061c400000, 0x000000061c400000| Untracked 
| 109|0x000000061c800000, 0x000000061c800000, 0x000000061cc00000|  0%| F|  |TAMS 0x000000061c800000, 0x000000061c800000| Untracked 
| 110|0x000000061cc00000, 0x000000061cc00000, 0x000000061d000000|  0%| F|  |TAMS 0x000000061cc00000, 0x000000061cc00000| Untracked 
| 111|0x000000061d000000, 0x000000061d000000, 0x000000061d400000|  0%| F|  |TAMS 0x000000061d000000, 0x000000061d000000| Untracked 
| 112|0x000000061d400000, 0x000000061d400000, 0x000000061d800000|  0%| F|  |TAMS 0x000000061d400000, 0x000000061d400000| Untracked 
| 113|0x000000061d800000, 0x000000061d800000, 0x000000061dc00000|  0%| F|  |TAMS 0x000000061d800000, 0x000000061d800000| Untracked 
| 114|0x000000061dc00000, 0x000000061dc00000, 0x000000061e000000|  0%| F|  |TAMS 0x000000061dc00000, 0x000000061dc00000| Untracked 
| 115|0x000000061e000000, 0x000000061e000000, 0x000000061e400000|  0%| F|  |TAMS 0x000000061e000000, 0x000000061e000000| Untracked 
| 116|0x000000061e400000, 0x000000061e400000, 0x000000061e800000|  0%| F|  |TAMS 0x000000061e400000, 0x000000061e400000| Untracked 
| 117|0x000000061e800000, 0x000000061e800000, 0x000000061ec00000|  0%| F|  |TAMS 0x000000061e800000, 0x000000061e800000| Untracked 
| 118|0x000000061ec00000, 0x000000061ec00000, 0x000000061f000000|  0%| F|  |TAMS 0x000000061ec00000, 0x000000061ec00000| Untracked 
| 119|0x000000061f000000, 0x000000061f000000, 0x000000061f400000|  0%| F|  |TAMS 0x000000061f000000, 0x000000061f000000| Untracked 
| 120|0x000000061f400000, 0x000000061f400000, 0x000000061f800000|  0%| F|  |TAMS 0x000000061f400000, 0x000000061f400000| Untracked 
| 121|0x000000061f800000, 0x000000061f800000, 0x000000061fc00000|  0%| F|  |TAMS 0x000000061f800000, 0x000000061f800000| Untracked 
| 122|0x000000061fc00000, 0x000000061fc00000, 0x0000000620000000|  0%| F|  |TAMS 0x000000061fc00000, 0x000000061fc00000| Untracked 
| 123|0x0000000620000000, 0x0000000620000000, 0x0000000620400000|  0%| F|  |TAMS 0x0000000620000000, 0x0000000620000000| Untracked 
| 124|0x0000000620400000, 0x0000000620400000, 0x0000000620800000|  0%| F|  |TAMS 0x0000000620400000, 0x0000000620400000| Untracked 
| 125|0x0000000620800000, 0x000000062087b6d0, 0x0000000620c00000| 12%| E|  |TAMS 0x0000000620800000, 0x0000000620800000| Complete 
| 126|0x0000000620c00000, 0x0000000621000000, 0x0000000621000000|100%| E|CS|TAMS 0x0000000620c00000, 0x0000000620c00000| Complete 
| 127|0x0000000621000000, 0x0000000621400000, 0x0000000621400000|100%| E|CS|TAMS 0x0000000621000000, 0x0000000621000000| Complete 

Card table byte_map: [0x000002247e5c0000,0x000002247f5c0000] _byte_map_base: 0x000002247b5b6000

Marking Bits (Prev, Next): (CMBitMap*) 0x0000022465c0d080, (CMBitMap*) 0x0000022465c0d0c0
 Prev Bits: [0x0000022401000000, 0x0000022408fb0000)
 Next Bits: [0x0000022408fb0000, 0x0000022410f60000)

Polling page: 0x0000022463b60000

Metaspace:

Usage:
  Non-class:      3.12 MB used.
      Class:    222.02 KB used.
       Both:      3.34 MB used.

Virtual space:
  Non-class space:       64.00 MB reserved,       3.19 MB (  5%) committed,  1 nodes.
      Class space:        1.00 GB reserved,     320.00 KB ( <1%) committed,  1 nodes.
             Both:        1.06 GB reserved,       3.50 MB ( <1%) committed. 

Chunk freelists:
   Non-Class:  2.50 MB
       Class:  3.64 MB
        Both:  6.14 MB

MaxMetaspaceSize: unlimited
CompressedClassSpaceSize: 1.00 GB
Initial GC threshold: 21.00 MB
Current GC threshold: 21.00 MB
CDS: on
MetaspaceReclaimPolicy: balanced
 - commit_granule_bytes: 65536.
 - commit_granule_words: 8192.
 - virtual_space_node_default_size: 8388608.
 - enlarge_chunks_in_place: 1.
 - new_chunks_are_fully_committed: 0.
 - uncommit_free_chunks: 1.
 - use_allocation_guard: 0.


Internal statistics:

num_allocs_failed_limit: 0.
num_arena_births: 94.
num_arena_deaths: 0.
num_vsnodes_births: 2.
num_vsnodes_deaths: 0.
num_space_committed: 56.
num_space_uncommitted: 0.
num_chunks_returned_to_freelist: 0.
num_chunks_taken_from_freelist: 184.
num_chunk_merges: 0.
num_chunk_splits: 116.
num_chunks_enlarged: 75.
num_inconsistent_stats: 0.

CodeHeap 'non-profiled nmethods': size=119168Kb used=200Kb max_used=200Kb free=118967Kb
 bounds [0x00000224758e0000, 0x0000022475b50000, 0x000002247cd40000]
CodeHeap 'profiled nmethods': size=119104Kb used=1102Kb max_used=1102Kb free=118001Kb
 bounds [0x000002246dd40000, 0x000002246dfb0000, 0x0000022475190000]
CodeHeap 'non-nmethods': size=7488Kb used=2246Kb max_used=2260Kb free=5241Kb
 bounds [0x0000022475190000, 0x0000022475400000, 0x00000224758e0000]
 total_blobs=1750 nmethods=720 adapters=940
 compilation: enabled
              stopped_count=0, restarted_count=0
 full_count=0

Compilation events (20 events):
Event: 0.565 Thread 0x00000224179296d0  709       3       jdk.internal.jimage.BasicImageReader::match (37 bytes)
Event: 0.565 Thread 0x00000224179296d0 nmethod 709 0x000002246de4d890 code [0x000002246de4da60, 0x000002246de4dd18]
Event: 0.565 Thread 0x00000224179296d0  712       3       jdk.internal.jimage.ImageLocation::verifyName (161 bytes)
Event: 0.566 Thread 0x000002241782cf00 nmethod 710 0x000002246de4de90 code [0x000002246de4e160, 0x000002246de4f2c8]
Event: 0.566 Thread 0x000002241782cf00  713       3       jdk.internal.misc.Unsafe::checkNativeAddress (28 bytes)
Event: 0.566 Thread 0x000002241782cf00 nmethod 713 0x000002246de4fa10 code [0x000002246de4fba0, 0x000002246de4fcb8]
Event: 0.566 Thread 0x000002241782cf00  714       3       java.lang.String::toLowerCase (8 bytes)
Event: 0.566 Thread 0x000002241782cf00 nmethod 714 0x000002246de4fd90 code [0x000002246de4ff80, 0x000002246de50318]
Event: 0.566 Thread 0x000002241782cf00  718       3       sun.misc.Unsafe::putLong (11 bytes)
Event: 0.566 Thread 0x000002241782cf00 nmethod 718 0x000002246de50490 code [0x000002246de50620, 0x000002246de50738]
Event: 0.566 Thread 0x000002241782cf00  719       3       org.lwjgl.system.MemoryUtil::memPutAddress (29 bytes)
Event: 0.566 Thread 0x000002241782cf00 nmethod 719 0x000002246de50810 code [0x000002246de509c0, 0x000002246de50bb8]
Event: 0.566 Thread 0x000002241782cf00  715       3       java.util.Locale::getDefault (4 bytes)
Event: 0.566 Thread 0x0000022417824560 nmethod 705 0x0000022475911910 code [0x0000022475911aa0, 0x0000022475911c48]
Event: 0.566 Thread 0x0000022417824560  720       4       java.lang.Integer::toUnsignedLong (7 bytes)
Event: 0.566 Thread 0x000002241782cf00 nmethod 715 0x000002246de50c90 code [0x000002246de50e20, 0x000002246de50f18]
Event: 0.566 Thread 0x000002241782cf00  716       3       java.util.jar.JarFile::maybeInstantiateVerifier (42 bytes)
Event: 0.566 Thread 0x0000022417824560 nmethod 720 0x0000022475911e90 code [0x0000022475912000, 0x0000022475912058]
Event: 0.566 Thread 0x00000224179296d0 nmethod 712 0x000002246de50f90 code [0x000002246de512e0, 0x000002246de52918]
Event: 0.566 Thread 0x000002241782cf00 nmethod 716 0x000002246de53290 code [0x000002246de53460, 0x000002246de537f8]

GC Heap History (0 events):
No events

Dll operation events (8 events):
Event: 0.006 Loaded shared library C:\Users\ckker\.jdks\corretto-19.0.2\bin\java.dll
Event: 0.013 Loaded shared library C:\Users\ckker\.jdks\corretto-19.0.2\bin\jsvml.dll
Event: 0.067 Loaded shared library C:\Users\ckker\.jdks\corretto-19.0.2\bin\net.dll
Event: 0.069 Loaded shared library C:\Users\ckker\.jdks\corretto-19.0.2\bin\nio.dll
Event: 0.073 Loaded shared library C:\Users\ckker\.jdks\corretto-19.0.2\bin\zip.dll
Event: 0.130 Loaded shared library C:\Users\ckker\.jdks\corretto-19.0.2\bin\jimage.dll
Event: 0.149 Loaded shared library C:\Users\ckker\AppData\Local\Temp\lwjgl_ckker\3.3.3+5\x64\lwjgl.dll
Event: 0.561 Loaded shared library C:\Users\ckker\AppData\Local\Temp\lwjgl_ckker\3.3.3+5\x64\lwjgl_opengl.dll

Deoptimization events (8 events):
Event: 0.112 Thread 0x0000022465b5c980 DEOPT PACKING pc=0x000002246dd5b267 sp=0x000000624ebfb4b0
Event: 0.112 Thread 0x0000022465b5c980 DEOPT UNPACKING pc=0x00000224751f7543 sp=0x000000624ebfa8d0 mode 0
Event: 0.130 Thread 0x0000022465b5c980 DEOPT PACKING pc=0x000002246dd48851 sp=0x000000624ebf9d90
Event: 0.130 Thread 0x0000022465b5c980 DEOPT UNPACKING pc=0x00000224751f7543 sp=0x000000624ebf9208 mode 0
Event: 0.142 Thread 0x0000022465b5c980 Uncommon trap: trap_request=0xffffff45 fr.pc=0x00000224758e7204 relative=0x0000000000000064
Event: 0.142 Thread 0x0000022465b5c980 Uncommon trap: reason=unstable_if action=reinterpret pc=0x00000224758e7204 method=java.io.WinNTFileSystem.isSlash(C)Z @ 9 c2
Event: 0.142 Thread 0x0000022465b5c980 DEOPT PACKING pc=0x00000224758e7204 sp=0x000000624ebfbb80
Event: 0.142 Thread 0x0000022465b5c980 DEOPT UNPACKING pc=0x00000224751f6da3 sp=0x000000624ebfbb08 mode 2

Classes loaded (20 events):
Event: 0.185 Loading class java/lang/foreign/Addressable done
Event: 0.185 Loading class java/lang/foreign/MemorySegment done
Event: 0.188 Loading class java/nio/InvalidMarkException
Event: 0.188 Loading class java/nio/InvalidMarkException done
Event: 0.188 Loading class java/nio/BufferUnderflowException
Event: 0.188 Loading class java/nio/BufferUnderflowException done
Event: 0.194 Loading class java/util/Formatter$FixedString
Event: 0.194 Loading class java/util/Formatter$FixedString done
Event: 0.204 Loading class java/lang/NoSuchFieldError
Event: 0.204 Loading class java/lang/NoSuchFieldError done
Event: 0.209 Loading class jdk/internal/reflect/MethodHandleIntegerFieldAccessorImpl
Event: 0.209 Loading class jdk/internal/reflect/MethodHandleIntegerFieldAccessorImpl done
Event: 0.516 Loading class java/lang/AssertionError
Event: 0.516 Loading class java/lang/AssertionError done
Event: 0.563 Loading class jdk/internal/foreign/MemorySessionImpl
Event: 0.563 Loading class java/lang/foreign/MemorySession
Event: 0.563 Loading class java/lang/foreign/SegmentAllocator
Event: 0.563 Loading class java/lang/foreign/SegmentAllocator done
Event: 0.563 Loading class java/lang/foreign/MemorySession done
Event: 0.563 Loading class jdk/internal/foreign/MemorySessionImpl done

Classes unloaded (0 events):
No events

Classes redefined (0 events):
No events

Internal exceptions (20 events):
Event: 0.148 Thread 0x0000022465b5c980 Exception <a 'sun/nio/fs/WindowsException'{0x0000000620d2f400}> (0x0000000620d2f400) 
thrown [s\src\hotspot\share\prims\jni.cpp, line 517]
Event: 0.148 Thread 0x0000022465b5c980 Exception <a 'sun/nio/fs/WindowsException'{0x0000000620d2f950}> (0x0000000620d2f950) 
thrown [s\src\hotspot\share\prims\jni.cpp, line 517]
Event: 0.184 Thread 0x0000022465b5c980 Exception <a 'java/lang/NoSuchMethodError'{0x0000000620dd24f8}: 'int java.lang.invoke.DirectMethodHandle$Holder.invokeStaticInit(java.lang.Object, java.lang.Object, int, long)'> (0x0000000620dd24f8) 
thrown [s\src\hotspot\share\interpreter\linkResolver.cpp, line 774]
Event: 0.184 Thread 0x0000022465b5c980 Exception <a 'java/lang/NoSuchMethodError'{0x0000000620dd7dc8}: 'java.lang.Object java.lang.invoke.DirectMethodHandle$Holder.newInvokeSpecial(java.lang.Object, java.lang.Object, int)'> (0x0000000620dd7dc8) 
thrown [s\src\hotspot\share\interpreter\linkResolver.cpp, line 774]
Event: 0.186 Thread 0x0000022465b5c980 Exception <a 'java/lang/NoSuchMethodError'{0x0000000620de7cd8}: 'int java.lang.invoke.DirectMethodHandle$Holder.invokeStaticInit(java.lang.Object, java.lang.Object, long, long)'> (0x0000000620de7cd8) 
thrown [s\src\hotspot\share\interpreter\linkResolver.cpp, line 774]
Event: 0.186 Thread 0x0000022465b5c980 Exception <a 'java/lang/NoSuchMethodError'{0x0000000620deda68}: 'java.lang.Object java.lang.invoke.DirectMethodHandle$Holder.newInvokeSpecial(java.lang.Object, java.lang.Object, long)'> (0x0000000620deda68) 
thrown [s\src\hotspot\share\interpreter\linkResolver.cpp, line 774]
Event: 0.187 Thread 0x0000022465b5c980 Exception <a 'java/lang/NoSuchMethodError'{0x0000000620df1340}: 'java.lang.Object java.lang.invoke.Invokers$Holder.linkToTargetMethod(java.lang.Object, long, java.lang.Object)'> (0x0000000620df1340) 
thrown [s\src\hotspot\share\interpreter\linkResolver.cpp, line 774]
Event: 0.187 Thread 0x0000022465b5c980 Exception <a 'java/lang/NoSuchMethodError'{0x0000000620df8b68}: 'int java.lang.invoke.DirectMethodHandle$Holder.invokeStaticInit(java.lang.Object, java.lang.Object, java.lang.Object, long)'> (0x0000000620df8b68) 
thrown [s\src\hotspot\share\interpreter\linkResolver.cpp, line 774]
Event: 0.204 Thread 0x0000022465b5c980 Exception <a 'sun/nio/fs/WindowsException'{0x0000000620eaf8a0}> (0x0000000620eaf8a0) 
thrown [s\src\hotspot\share\prims\jni.cpp, line 517]
Event: 0.204 Thread 0x0000022465b5c980 Exception <a 'sun/nio/fs/WindowsException'{0x0000000620eafc00}> (0x0000000620eafc00) 
thrown [s\src\hotspot\share\prims\jni.cpp, line 517]
Event: 0.210 Thread 0x0000022465b5c980 Exception <a 'java/lang/NoSuchMethodError'{0x0000000620ecd240}: 'int java.lang.invoke.Invokers$Holder.invokeExact_MT(java.lang.Object, java.lang.Object)'> (0x0000000620ecd240) 
thrown [s\src\hotspot\share\interpreter\linkResolver.cpp, line 774]
Event: 0.512 Thread 0x0000022465b5c980 Exception <a 'java/lang/NoSuchMethodError'{0x0000000620f24628}: 'void java.lang.invoke.DirectMethodHandle$Holder.invokeStaticInit(java.lang.Object, long, double, double)'> (0x0000000620f24628) 
thrown [s\src\hotspot\share\interpreter\linkResolver.cpp, line 774]
Event: 0.514 Thread 0x0000022465b5c980 Exception <a 'java/lang/NoSuchMethodError'{0x0000000620f33a60}: 'void java.lang.invoke.DirectMethodHandle$Holder.invokeStaticInit(java.lang.Object, long, int, int, int)'> (0x0000000620f33a60) 
thrown [s\src\hotspot\share\interpreter\linkResolver.cpp, line 774]
Event: 0.517 Thread 0x0000022465b5c980 Exception <a 'java/lang/NoSuchMethodError'{0x0000000620f4cba8}: 'void java.lang.invoke.DirectMethodHandle$Holder.invokeStaticInit(java.lang.Object, long, int, int, int, int)'> (0x0000000620f4cba8) 
thrown [s\src\hotspot\share\interpreter\linkResolver.cpp, line 774]
Event: 0.554 Thread 0x0000022465b5c980 Exception <a 'java/lang/NoSuchMethodError'{0x00000006208061a8}: 'void java.lang.System.load(java.lang.String, java.lang.Class)'> (0x00000006208061a8) 
thrown [s\src\hotspot\share\interpreter\linkResolver.cpp, line 774]
Event: 0.555 Thread 0x0000022465b5c980 Exception <a 'java/lang/NoSuchMethodError'{0x0000000620808fb0}: 'void java.lang.System.loadLibrary(java.lang.String, java.lang.Class)'> (0x0000000620808fb0) 
thrown [s\src\hotspot\share\interpreter\linkResolver.cpp, line 774]
Event: 0.560 Thread 0x0000022465b5c980 Exception <a 'sun/nio/fs/WindowsException'{0x0000000620818e78}> (0x0000000620818e78) 
thrown [s\src\hotspot\share\prims\jni.cpp, line 517]
Event: 0.560 Thread 0x0000022465b5c980 Exception <a 'sun/nio/fs/WindowsException'{0x0000000620819218}> (0x0000000620819218) 
thrown [s\src\hotspot\share\prims\jni.cpp, line 517]
Event: 0.565 Thread 0x0000022465b5c980 Exception <a 'sun/nio/fs/WindowsException'{0x00000006208233a0}> (0x00000006208233a0) 
thrown [s\src\hotspot\share\prims\jni.cpp, line 517]
Event: 0.565 Thread 0x0000022465b5c980 Exception <a 'sun/nio/fs/WindowsException'{0x0000000620823670}> (0x0000000620823670) 
thrown [s\src\hotspot\share\prims\jni.cpp, line 517]

VM Operations (4 events):
Event: 0.073 Executing VM operation: HandshakeAllThreads
Event: 0.073 Executing VM operation: HandshakeAllThreads done
Event: 0.142 Executing VM operation: HandshakeAllThreads
Event: 0.142 Executing VM operation: HandshakeAllThreads done

Events (15 events):
Event: 0.013 Thread 0x0000022465b5c980 Thread added: 0x0000022465b5c980
Event: 0.023 Thread 0x0000022417813a30 Thread added: 0x0000022417813a30
Event: 0.023 Thread 0x0000022417814720 Thread added: 0x0000022417814720
Event: 0.023 Thread 0x0000022417815f30 Thread added: 0x0000022417815f30
Event: 0.024 Thread 0x000002241781a0e0 Thread added: 0x000002241781a0e0
Event: 0.024 Thread 0x0000022417820650 Thread added: 0x0000022417820650
Event: 0.024 Thread 0x0000022417820b90 Thread added: 0x0000022417820b90
Event: 0.024 Thread 0x0000022417824560 Thread added: 0x0000022417824560
Event: 0.024 Thread 0x000002241782cf00 Thread added: 0x000002241782cf00
Event: 0.024 Thread 0x000002241783f880 Thread added: 0x000002241783f880
Event: 0.053 Thread 0x00000224179296d0 Thread added: 0x00000224179296d0
Event: 0.056 Thread 0x000002241795a3b0 Thread added: 0x000002241795a3b0
Event: 0.059 Thread 0x000002241795ed60 Thread added: 0x000002241795ed60
Event: 0.179 Thread 0x0000022417e14c40 Thread added: 0x0000022417e14c40
Event: 0.511 Thread 0x0000022417e14c40 Thread exited: 0x0000022417e14c40


Dynamic libraries:
0x00007ff70b2b0000 - 0x00007ff70b2bd000 	C:\Users\ckker\.jdks\corretto-19.0.2\bin\java.exe
0x00007ff9d39f0000 - 0x00007ff9d3c07000 	C:\WINDOWS\SYSTEM32\ntdll.dll
0x00007ff9d2d50000 - 0x00007ff9d2e14000 	C:\WINDOWS\System32\KERNEL32.DLL
0x00007ff9d1000000 - 0x00007ff9d13a5000 	C:\WINDOWS\System32\KERNELBASE.dll
0x00007ff9d1500000 - 0x00007ff9d1611000 	C:\WINDOWS\System32\ucrtbase.dll
0x00007ff9c2140000 - 0x00007ff9c2157000 	C:\Users\ckker\.jdks\corretto-19.0.2\bin\jli.dll
0x00007ff9c1190000 - 0x00007ff9c11a5000 	C:\Users\ckker\.jdks\corretto-19.0.2\bin\VCRUNTIME140.dll
0x00007ff9d3800000 - 0x00007ff9d39ae000 	C:\WINDOWS\System32\USER32.dll
0x00007ff9d14d0000 - 0x00007ff9d14f6000 	C:\WINDOWS\System32\win32u.dll
0x00007ff9c2dc0000 - 0x00007ff9c3053000 	C:\WINDOWS\WinSxS\amd64_microsoft.windows.common-controls_6595b64144ccf1df_6.0.22621.2506_none_270c5ae97388e100\COMCTL32.dll
0x00007ff9d1910000 - 0x00007ff9d1939000 	C:\WINDOWS\System32\GDI32.dll
0x00007ff9d1ba0000 - 0x00007ff9d1c47000 	C:\WINDOWS\System32\msvcrt.dll
0x00007ff9d1620000 - 0x00007ff9d1739000 	C:\WINDOWS\System32\gdi32full.dll
0x00007ff9d1430000 - 0x00007ff9d14ca000 	C:\WINDOWS\System32\msvcp_win.dll
0x00007ff9d2b10000 - 0x00007ff9d2b41000 	C:\WINDOWS\System32\IMM32.DLL
0x00007ff9af100000 - 0x00007ff9af19b000 	C:\Users\ckker\.jdks\corretto-19.0.2\bin\msvcp140.dll
0x00007ff8fb590000 - 0x00007ff8fc269000 	C:\Users\ckker\.jdks\corretto-19.0.2\bin\server\jvm.dll
0x00007ff9d1750000 - 0x00007ff9d1801000 	C:\WINDOWS\System32\ADVAPI32.dll
0x00007ff9d2fc0000 - 0x00007ff9d3066000 	C:\WINDOWS\System32\sechost.dll
0x00007ff9d1d90000 - 0x00007ff9d1ea7000 	C:\WINDOWS\System32\RPCRT4.dll
0x00007ff9bfe00000 - 0x00007ff9bfe34000 	C:\WINDOWS\SYSTEM32\WINMM.dll
0x00007ff9b1fd0000 - 0x00007ff9b1fd9000 	C:\WINDOWS\SYSTEM32\WSOCK32.dll
0x00007ff9ce380000 - 0x00007ff9ce38a000 	C:\WINDOWS\SYSTEM32\VERSION.dll
0x00007ff9d2cd0000 - 0x00007ff9d2d41000 	C:\WINDOWS\System32\WS2_32.dll
0x00007ff9cfdf0000 - 0x00007ff9cfe08000 	C:\WINDOWS\SYSTEM32\kernel.appcore.dll
0x00007ff9c2130000 - 0x00007ff9c213a000 	C:\Users\ckker\.jdks\corretto-19.0.2\bin\jimage.dll
0x00007ff9be0e0000 - 0x00007ff9be313000 	C:\WINDOWS\SYSTEM32\DBGHELP.DLL
0x00007ff9d1f20000 - 0x00007ff9d22a9000 	C:\WINDOWS\System32\combase.dll
0x00007ff9d19c0000 - 0x00007ff9d1a97000 	C:\WINDOWS\System32\OLEAUT32.dll
0x00007ff9b5900000 - 0x00007ff9b5932000 	C:\WINDOWS\SYSTEM32\dbgcore.DLL
0x00007ff9d13b0000 - 0x00007ff9d142a000 	C:\WINDOWS\System32\bcryptPrimitives.dll
0x00007ff9c0be0000 - 0x00007ff9c0c06000 	C:\Users\ckker\.jdks\corretto-19.0.2\bin\java.dll
0x00007ff9a7eb0000 - 0x00007ff9a7f86000 	C:\Users\ckker\.jdks\corretto-19.0.2\bin\jsvml.dll
0x00007ff9d22b0000 - 0x00007ff9d2b09000 	C:\WINDOWS\System32\SHELL32.dll
0x00007ff9cec90000 - 0x00007ff9cf584000 	C:\WINDOWS\SYSTEM32\windows.storage.dll
0x00007ff9ceb50000 - 0x00007ff9cec8e000 	C:\WINDOWS\SYSTEM32\wintypes.dll
0x00007ff9d1810000 - 0x00007ff9d1903000 	C:\WINDOWS\System32\SHCORE.dll
0x00007ff9d1eb0000 - 0x00007ff9d1f0e000 	C:\WINDOWS\System32\shlwapi.dll
0x00007ff9d0c90000 - 0x00007ff9d0cb6000 	C:\WINDOWS\SYSTEM32\profapi.dll
0x00007ff9be430000 - 0x00007ff9be443000 	C:\Users\ckker\.jdks\corretto-19.0.2\bin\net.dll
0x00007ff9ca8b0000 - 0x00007ff9ca9e7000 	C:\WINDOWS\SYSTEM32\WINHTTP.dll
0x00007ff9d02d0000 - 0x00007ff9d0339000 	C:\WINDOWS\system32\mswsock.dll
0x00007ff9b6370000 - 0x00007ff9b6385000 	C:\Users\ckker\.jdks\corretto-19.0.2\bin\nio.dll
0x00007ff9b5240000 - 0x00007ff9b5258000 	C:\Users\ckker\.jdks\corretto-19.0.2\bin\zip.dll
0x00007ff9c0160000 - 0x00007ff9c01db000 	C:\Users\ckker\AppData\Local\Temp\lwjgl_ckker\3.3.3+5\x64\lwjgl.dll
0x00007ff9b4230000 - 0x00007ff9b42b2000 	C:\Users\ckker\AppData\Local\Temp\lwjgl_ckker\3.3.3+5\x64\glfw.dll
0x00007ff9c26b0000 - 0x00007ff9c26f6000 	C:\WINDOWS\SYSTEM32\dinput8.dll
0x00007ff9a0440000 - 0x00007ff9a0451000 	C:\WINDOWS\SYSTEM32\xinput1_4.dll
0x00007ff9d0a00000 - 0x00007ff9d0a4e000 	C:\WINDOWS\SYSTEM32\cfgmgr32.dll
0x00007ff9d0a50000 - 0x00007ff9d0a7c000 	C:\WINDOWS\SYSTEM32\DEVOBJ.dll
0x00007ff9ce090000 - 0x00007ff9ce0bb000 	C:\WINDOWS\SYSTEM32\dwmapi.dll
0x00007ff9c6130000 - 0x00007ff9c633a000 	C:\WINDOWS\SYSTEM32\inputhost.dll
0x00007ff9cda30000 - 0x00007ff9cdb63000 	C:\WINDOWS\SYSTEM32\CoreMessaging.dll
0x00007ff9cde50000 - 0x00007ff9cdefb000 	C:\WINDOWS\system32\uxtheme.dll
0x00007ff9d0540000 - 0x00007ff9d054c000 	C:\WINDOWS\SYSTEM32\CRYPTBASE.DLL
0x00007ff9d3070000 - 0x00007ff9d31bf000 	C:\WINDOWS\System32\MSCTF.dll
0x00007ff9778a0000 - 0x00007ff9779a0000 	C:\WINDOWS\SYSTEM32\opengl32.dll
0x00007ff977c70000 - 0x00007ff977c9d000 	C:\WINDOWS\SYSTEM32\GLU32.dll
0x00007ff9ce4c0000 - 0x00007ff9ce4f6000 	C:\WINDOWS\SYSTEM32\dxcore.dll
0x00007ff9d1af0000 - 0x00007ff9d1ba0000 	C:\WINDOWS\System32\clbcatq.dll
0x00007ff8f89a0000 - 0x00007ff8fb58c000 	C:\WINDOWS\System32\DriverStore\FileRepository\nvmdi.inf_amd64_1e678564fff99713\nvoglv64.dll
0x00007ff9d31c0000 - 0x00007ff9d3634000 	C:\WINDOWS\System32\SETUPAPI.dll
0x00007ff9d2e20000 - 0x00007ff9d2fc0000 	C:\WINDOWS\System32\ole32.dll
0x00007ff9cfc00000 - 0x00007ff9cfc14000 	C:\WINDOWS\SYSTEM32\WTSAPI32.dll
0x00007ff9d0ab0000 - 0x00007ff9d0ac2000 	C:\WINDOWS\SYSTEM32\msasn1.dll
0x00007ff9c83f0000 - 0x00007ff9c8422000 	C:\WINDOWS\SYSTEM32\cryptnet.dll
0x00007ff9d0e90000 - 0x00007ff9d0ff6000 	C:\WINDOWS\System32\CRYPT32.dll
0x00007ff9c8240000 - 0x00007ff9c8398000 	C:\WINDOWS\SYSTEM32\drvstore.dll
0x00007ff9d05d0000 - 0x00007ff9d061b000 	C:\WINDOWS\SYSTEM32\wldp.dll
0x00007ff9d0e20000 - 0x00007ff9d0e8c000 	C:\WINDOWS\System32\wintrust.dll
0x00007ff9d2cb0000 - 0x00007ff9d2ccf000 	C:\WINDOWS\System32\imagehlp.dll
0x00007ff9d0520000 - 0x00007ff9d053b000 	C:\WINDOWS\SYSTEM32\CRYPTSP.dll
0x00007ff9cfdb0000 - 0x00007ff9cfde5000 	C:\WINDOWS\system32\rsaenh.dll
0x00007ff9d06f0000 - 0x00007ff9d0718000 	C:\WINDOWS\SYSTEM32\bcrypt.dll
0x00007ff9d0360000 - 0x00007ff9d0386000 	C:\WINDOWS\SYSTEM32\gpapi.dll
0x00007ff9c3060000 - 0x00007ff9c524e000 	C:\WINDOWS\System32\DriverStore\FileRepository\nvmdi.inf_amd64_1e678564fff99713\nvgpucomp64.dll
0x00007ff9cfe70000 - 0x00007ff9cfea4000 	C:\WINDOWS\SYSTEM32\ntmarta.dll
0x00007ff9853a0000 - 0x00007ff985671000 	C:\WINDOWS\system32\nvspcap64.dll
0x00007ff9cfbb0000 - 0x00007ff9cfbfd000 	C:\WINDOWS\SYSTEM32\powrprof.dll
0x00007ff9cfb90000 - 0x00007ff9cfba3000 	C:\WINDOWS\SYSTEM32\UMPDC.dll
0x00007ff9cf7e0000 - 0x00007ff9cf846000 	C:\WINDOWS\SYSTEM32\WINSTA.dll
0x00007ff9acb90000 - 0x00007ff9accda000 	C:\WINDOWS\SYSTEM32\textinputframework.dll
0x00007ff9ca9f0000 - 0x00007ff9cad5c000 	C:\WINDOWS\SYSTEM32\CoreUIComponents.dll
0x00007ff9b41d0000 - 0x00007ff9b422e000 	C:\Users\ckker\AppData\Local\Temp\lwjgl_ckker\3.3.3+5\x64\lwjgl_opengl.dll

dbghelp: loaded successfully - version: 4.0.5 - missing functions: none
symbol engine: initialized successfully - sym options: 0x614 - pdb path: .;C:\Users\ckker\.jdks\corretto-19.0.2\bin;C:\WINDOWS\SYSTEM32;C:\WINDOWS\WinSxS\amd64_microsoft.windows.common-controls_6595b64144ccf1df_6.0.22621.2506_none_270c5ae97388e100;C:\Users\ckker\.jdks\corretto-19.0.2\bin\server;C:\Users\ckker\AppData\Local\Temp\lwjgl_ckker\3.3.3+5\x64;C:\WINDOWS\System32\DriverStore\FileRepository\nvmdi.inf_amd64_1e678564fff99713

VM Arguments:
jvm_args: -Dfile.encoding=windows-1252 -Duser.country=DE -Duser.language=de -Duser.variant -ea 
java_command: Main
java_class_path (initial): C:\Users\ckker\IdeaProjects\OpenGL\build\classes\java\main;C:\Users\ckker\IdeaProjects\OpenGL\build\resources\main;C:\Users\ckker\.gradle\caches\modules-2\files-2.1\org.lwjgl\lwjgl-assimp\3.3.3\c2c34011cbda30ed8cf98bc5cbf97b49afe5279a\lwjgl-assimp-3.3.3.jar;C:\Users\ckker\.gradle\caches\modules-2\files-2.1\org.lwjgl\lwjgl-assimp\3.3.3\d90ccdade594716062975cffd1431d387f770ac4\lwjgl-assimp-3.3.3-natives-windows.jar;C:\Users\ckker\.gradle\caches\modules-2\files-2.1\org.lwjgl\lwjgl-bgfx\3.3.3\a19c4bfd1532863425098f05316726854aed8c51\lwjgl-bgfx-3.3.3.jar;C:\Users\ckker\.gradle\caches\modules-2\files-2.1\org.lwjgl\lwjgl-bgfx\3.3.3\2db0ad304f20677e9269311cb6cb5f4f2eed889\lwjgl-bgfx-3.3.3-natives-windows.jar;C:\Users\ckker\.gradle\caches\modules-2\files-2.1\org.lwjgl\lwjgl-glfw\3.3.3\efa1eb78c5ccd840e9f329717109b5e892d72f8e\lwjgl-glfw-3.3.3.jar;C:\Users\ckker\.gradle\caches\modules-2\files-2.1\org.lwjgl\lwjgl-glfw\3.3.3\e449e28b4891fc423c54c85fbc5bb0b9efece67a\lwjgl-glfw-3.3.3-natives-windows.jar;C:\Users\ckker\.gradle\caches\modules-2\files-2.1\org.lwjgl\lwjgl-nanovg\3.3.3\37f0b9fc142948c3b2c6cd563db7233b14b9640c\lwjgl-nanovg-3.3.3.jar;C:\Users\ckker\.gradle\caches\modules-2\files-2.1\org.lwjgl\lwjgl-nanovg\3.3.3\ccfbc346c4ce0737b7fe758d6337a3741af2f256\lwjgl-nanovg-3.3.3-natives-windows.jar;C:\Users\ckker\.gradle\caches\modules-2\files-2.1\org.lwjgl\lwjgl-nuklear\3.3.3\d120a8ab01987e285f83f43f862bef728011d97d\lwjgl-nuklear-3.3.3.jar;C:\Users\ckker\.gradle\caches\modules-2\files-2.1\org.lwjgl\lwjgl-nuklear\3.3.3\3132690c8cbbdd7c948eb233610151b6a6c62b9a\lwjgl-nuklear-3.3.3-natives-windows.jar;C:\Users\ckker\.gradle\caches\modules-2\files-2.1\org.lwjgl\lwjgl-openal\3.3.3\daada81ceb5fc0c291fbfdd4433cb8d9423577f2\lwjgl-openal-3.3.3.jar;C:\Users\ckker\.gradle\caches\modules-2\files-2.1\org.lwjgl\lwjgl-openal\3.3.3\cf83862ae95d98496b26915024c7e666d8ab1c8f\lwjgl-openal-3.3.3-natives-windows.jar;C:\Users\ckker\.gradle\caches\modules-2\files-2.1\org.lwjgl\lwjgl-opengl\3.3.3\2f6b0147078396a58979125a4c947664e98293a\lwjgl-opengl-3.3.3.jar;C:\Users\ckker\.gradle\caches\modules-2\files-2.1\org.lwjgl\lwjgl-opengl\3.3.3\e6c1eec8be8a71951b830a4d69efc01c6531900c\lwjgl-opengl-3.3.3-natives-windows.jar;C:\Users\ckker\.gradle\caches\modules-2\files-2.1\org.lwjgl\lwjgl-par\3.3.3\9bf8ec696f9f8852418338e3000e31f3d9a730a4\lwjgl-par-3.3.3.jar;C:\Users\ckker\.gradle\caches\modules-2\files-2.1\org.lwjgl\lwjgl-par\3.3.3\a34de629b882f53f9a3905f0d04e4618fb9ec4a\lwjgl-par-3.3.3-natives-windows.jar;C:\Users\ckker\.gradle\caches\modules-2\files-2.1\org.lwjgl\lwjgl-stb\3.3.3\25dd6161988d7e65f71d5065c99902402ee32746\lwjgl-stb-3.3.3.jar;C:\Users\ckker\.gradle\caches\modules-2\files-2.1\org.lwjgl\lwjgl-stb\3.3.3\1d9facdf6541de114b0f963be33505b7679c78cb\lwjgl-stb-3.3.3-natives-windows.jar;C:\Users\ckker\.gradle\caches\modules-2\files-2.1\org.lwjgl\lwjgl-vulkan\3.3.3\2d85b61672fa82ec5045979ac49c7940913eea50\lwjgl-vulkan-3.3.3.jar;C:\Users\ckker\.gradle\caches\modules-2\files-2.1\org.lwjgl\lwjgl\3.3.3\29589b5f87ed335a6c7e7ee6a5775f81f97ecb84\lwjgl-3.3.3.jar;C:\Users\ckker\.gradle\caches\modules-2\files-2.1\org.lwjgl\lwjgl\3.3.3\a5ed18a2b82fc91b81f40d717cb1f64c9dcb0540\lwjgl-3.3.3-natives-windows.jar;C:\Users\ckker\.gradle\caches\modules-2\files-2.1\org.joml\joml\1.10.5\22566d58af70ad3d72308bab63b8339906deb649\joml-1.10.5.jar
Launcher Type: SUN_STANDARD

[Global flags]
     intx CICompilerCount                          = 12                                        {product} {ergonomic}
     uint ConcGCThreads                            = 3                                         {product} {ergonomic}
     uint G1ConcRefinementThreads                  = 13                                        {product} {ergonomic}
   size_t G1HeapRegionSize                         = 4194304                                   {product} {ergonomic}
    uintx GCDrainStackTargetSize                   = 64                                        {product} {ergonomic}
   size_t InitialHeapSize                          = 536870912                                 {product} {ergonomic}
   size_t MarkStackSize                            = 4194304                                   {product} {ergonomic}
   size_t MaxHeapSize                              = 8568963072                                {product} {ergonomic}
   size_t MaxNewSize                               = 5138022400                                {product} {ergonomic}
   size_t MinHeapDeltaBytes                        = 4194304                                   {product} {ergonomic}
   size_t MinHeapSize                              = 8388608                                   {product} {ergonomic}
    uintx NonNMethodCodeHeapSize                   = 7602480                                {pd product} {ergonomic}
    uintx NonProfiledCodeHeapSize                  = 122027880                              {pd product} {ergonomic}
    uintx ProfiledCodeHeapSize                     = 122027880                              {pd product} {ergonomic}
    uintx ReservedCodeCacheSize                    = 251658240                              {pd product} {ergonomic}
     bool SegmentedCodeCache                       = true                                      {product} {ergonomic}
   size_t SoftMaxHeapSize                          = 8568963072                             {manageable} {ergonomic}
     bool UseCompressedClassPointers               = true                           {product lp64_product} {ergonomic}
     bool UseCompressedOops                        = true                           {product lp64_product} {ergonomic}
     bool UseG1GC                                  = true                                      {product} {ergonomic}
     bool UseLargePagesIndividualAllocation        = false                                  {pd product} {ergonomic}

Logging:
Log output configuration:
 #0: stdout all=warning uptime,level,tags foldmultilines=false
 #1: stderr all=off uptime,level,tags foldmultilines=false

Environment Variables:
PATH=C:\WINDOWS\system32;C:\WINDOWS;C:\WINDOWS\System32\Wbem;C:\WINDOWS\System32\WindowsPowerShell\v1.0\;C:\WINDOWS\System32\OpenSSH\;C:\Program Files (x86)\NVIDIA Corporation\PhysX\Common;C:\Program Files\NVIDIA Corporation\NVIDIA NvDLISR;C:\Program Files\php\8.2.8;C:\ProgramData\ComposerSetup\bin;C:\Program Files\nodejs\;C:\Program Files\dotnet\;C:\Program Files\Git\cmd;C:\Program Files\Calibre2\;C:\Program Files\PowerShell\7\;C:\Users\ckker\AppData\Local\Programs\Python\Launcher\;C:\Users\ckker\AppData\Local\Programs\Python\Python311\Scripts\;C:\Users\ckker\AppData\Local\Programs\Python\Python311\;C:\Users\ckker\AppData\Local\Microsoft\WindowsApps;C:\Users\ckker\AppData\Local\JetBrains\Toolbox\scripts;;C:\Users\ckker\AppData\Local\Programs\Microsoft VS Code\bin;C:\Users\ckker\AppData\Roaming\Composer\vendor\bin;C:\Users\ckker\AppData\Roaming\npm;C:\Users\ckker\AppData\Local\Programs\oh-my-posh\bin;C:\Users\ckker\AppData\Local\Microsoft\WindowsApps;C:\Users\ckker\AppData\Local\Microsoft\WinGet\Links;
USERNAME=ckker
OS=Windows_NT
PROCESSOR_IDENTIFIER=AMD64 Family 23 Model 8 Stepping 2, AuthenticAMD
TMP=C:\Users\ckker\AppData\Local\Temp
TEMP=C:\Users\ckker\AppData\Local\Temp



---------------  S Y S T E M  ---------------

OS:
 Windows 11 , 64 bit Build 22621 (10.0.22621.2506)
OS uptime: 11 days 20:22 hours

CPU: total 16 (initial active 16) (16 cores per cpu, 2 threads per core) family 23 model 8 stepping 2 microcode 0x0, cx8, cmov, fxsr, ht, mmx, 3dnowpref, sse, sse2, sse3, ssse3, sse4a, sse4.1, sse4.2, popcnt, lzcnt, tsc, tscinvbit, avx, avx2, aes, clmul, bmi1, bmi2, adx, sha, fma, vzeroupper, clflush, clflushopt, rdtscp

Memory: 4k page, system-wide physical 32687M (17014M free)
TotalPageFile size 37551M (AvailPageFile size 12378M)
current process WorkingSet (physical memory assigned to process): 90M, peak: 90M
current process commit charge ("private bytes"): 709M, peak: 709M

vm_info: OpenJDK 64-Bit Server VM (19.0.2+7-FR) for windows-amd64 JRE (19.0.2+7-FR), built on Jan 13 2023 22:53:32 by "Administrator" with MS VC++ 15.9 (VS2017)

END.
