#
# A fatal error has been detected by the Java Runtime Environment:
#
#  EXCEPTION_ACCESS_VIOLATION (0xc0000005) at pc=0x00007ffa92fcc75d, pid=9500, tid=19084
#
# JRE version: OpenJDK Runtime Environment Corretto-19.0.2.7.1 (19.0.2+7) (build 19.0.2+7-FR)
# Java VM: OpenJDK 64-Bit Server VM Corretto-19.0.2.7.1 (19.0.2+7-FR, mixed mode, sharing, tiered, compressed oops, compressed class ptrs, g1 gc, windows-amd64)
# Problematic frame:
# C  [lwjgl_opengl.dll+0xc75d]
#
# No core dump will be written. Minidumps are not enabled by default on client versions of Windows
#
# If you would like to submit a bug report, please visit:
#   https://github.com/corretto/corretto-19/issues/
# The crash happened outside the Java Virtual Machine in native code.
# See problematic frame for where to report the bug.
#

---------------  S U M M A R Y ------------

Command Line: -agentlib:jdwp=transport=dt_socket,server=n,suspend=y,address=127.0.0.1:58211 -Dfile.encoding=windows-1252 -Duser.country=DE -Duser.language=de -Duser.variant ruby.test

Host: AMD Ryzen 7 2700X Eight-Core Processor         , 16 cores, 31G,  Windows 11 , 64 bit Build 22621 (10.0.22621.2506)
Time: Mon Dec 11 20:19:11 2023 Mitteleuropäische Zeit elapsed time: 0.224863 seconds (0d 0h 0m 0s)

---------------  T H R E A D  ---------------

Current thread (0x0000020db11077a0):  JavaThread "main" [_thread_in_native, id=19084, stack(0x0000000ebeb00000,0x0000000ebec00000)]

Stack: [0x0000000ebeb00000,0x0000000ebec00000],  sp=0x0000000ebebff4c8,  free space=1021k
Native frames: (J=compiled Java code, j=interpreted, Vv=VM code, C=native code)
C  [lwjgl_opengl.dll+0xc75d]

Java frames: (J=compiled Java code, j=interpreted, Vv=VM code)
j  org.lwjgl.opengl.GL11C.nglGenTextures(IJ)V+0
j  org.lwjgl.opengl.GL11C.glGenTextures()I+20
j  org.lwjgl.opengl.GL11.glGenTextures()I+0
j  ruby.renderer.Texture.<init>(Ljava/lang/String;)V+10
j  ruby.util.AssetPool.getTexture(Ljava/lang/String;)Lruby/renderer/Texture;+53
j  ruby.test.main([Ljava/lang/String;)V+8
v  ~StubRoutines::call_stub 0x0000020dc074100e

siginfo: EXCEPTION_ACCESS_VIOLATION (0xc0000005), reading address 0x00000000000002d8


Registers:
RAX=0x0000020de344d750, RBX=0x0000020ddf0bce20, RCX=0x0000000000000001, RDX=0x0000020de33c599c
RSP=0x0000000ebebff4c8, RBP=0x0000000ebebff550, RSI=0x0000020dded80488, RDI=0x0000020dc075c41a
R8 =0x0000000000000001, R9 =0x0000020de33c599c, R10=0x0000000000000000, R11=0x0000000620febef0
R12=0x0000000000000000, R13=0x0000020ddf0bce20, R14=0x0000000ebebff580, R15=0x0000020db11077a0
RIP=0x00007ffa92fcc75d, EFLAGS=0x0000000000010202


Register to memory mapping:

RIP=0x00007ffa92fcc75d lwjgl_opengl.dll
RAX=0x0000020de344d750 points into unknown readable memory: 0x0000000000000000 | 00 00 00 00 00 00 00 00
RBX={method} {0x0000020ddf0bce28} 'nglGenTextures' '(IJ)V' in 'org/lwjgl/opengl/GL11C'
RCX=0x0000000000000001 is an unknown value
RDX=0x0000020de33c599c points into unknown readable memory: 00 00 00 00
RSP=0x0000000ebebff4c8 is pointing into the stack for thread: 0x0000020db11077a0
RBP=0x0000000ebebff550 is pointing into the stack for thread: 0x0000020db11077a0
RSI=0x0000020dded80488 is pointing into metadata
RDI=0x0000020dc075c41a is at code_begin+4122 in an Interpreter codelet
return entry points  [0x0000020dc075b400, 0x0000020dc075d4d0]  8400 bytes
R8 =0x0000000000000001 is an unknown value
R9 =0x0000020de33c599c points into unknown readable memory: 00 00 00 00
R10=0x0 is NULL
R11=0x0000000620febef0 is an oop: java.lang.Class 
{0x0000000620febef0} - klass: 'java/lang/Class'
 - ---- fields (total size 116 words):
 - private volatile transient 'classRedefinedCount' 'I' @12  0
 - abstract internal 'klass' 'J' @16  34376587184 (10117b0 8)
 - abstract internal 'array_klass' 'J' @24  0 (0 0)
 - abstract internal 'oop_size' 'I' @32  116 (74)
 - abstract internal 'static_oop_field_count' 'I' @36  0
 - private volatile transient 'cachedConstructor' 'Ljava/lang/reflect/Constructor;' @40  NULL (0)
 - private transient 'name' 'Ljava/lang/String;' @44  "org.lwjgl.opengl.GL11C"{0x0000000620fec2a0} (c41fd854)
 - private transient 'module' 'Ljava/lang/Module;' @48  a 'java/lang/Module'{0x000000062106b8e8} (c420d71d)
 - private final 'classLoader' 'Ljava/lang/ClassLoader;' @52  a 'jdk/internal/loader/ClassLoaders$AppClassLoader'{0x000000062106b728} (c420d6e5)
 - private transient 'classData' 'Ljava/lang/Object;' @56  NULL (0)
 - private transient 'packageName' 'Ljava/lang/String;' @60  "org.lwjgl.opengl"{0x00000006213f0330} (c427e066)
 - private final 'componentType' 'Ljava/lang/Class;' @64  NULL (0)
 - private volatile transient 'reflectionData' 'Ljava/lang/ref/SoftReference;' @68  NULL (0)
 - private volatile transient 'genericInfo' 'Lsun/reflect/generics/repository/ClassRepository;' @72  NULL (0)
 - private volatile transient 'enumConstants' '[Ljava/lang/Object;' @76  NULL (0)
 - private volatile transient 'enumConstantDirectory' 'Ljava/util/Map;' @80  NULL (0)
 - private volatile transient 'annotationData' 'Ljava/lang/Class$AnnotationData;' @84  NULL (0)
 - private volatile transient 'annotationType' 'Lsun/reflect/annotation/AnnotationType;' @88  NULL (0)
 - transient 'classValueMap' 'Ljava/lang/ClassValue$ClassValueMap;' @92  NULL (0)
 - abstract internal 'protection_domain' 'Ljava/lang/Object;' @96  a 'java/security/ProtectionDomain'{0x00000006213fc278} (c427f84f)
 - abstract internal 'signers_name' 'Ljava/lang/Object;' @100  NULL (0)
 - abstract internal 'source_file' 'Ljava/lang/Object;' @104  NULL (0)
 - signature: Lorg/lwjgl/opengl/GL11C;
 - ---- static fields (0):
 - public static final 'GL_NEVER' 'I' @112  512 (200)
 - public static final 'GL_LESS' 'I' @116  513 (201)
 - public static final 'GL_EQUAL' 'I' @120  514 (202)
 - public static final 'GL_LEQUAL' 'I' @124  515 (203)
 - public static final 'GL_GREATER' 'I' @128  516 (204)
 - public static final 'GL_NOTEQUAL' 'I' @132  517 (205)
 - public static final 'GL_GEQUAL' 'I' @136  518 (206)
 - public static final 'GL_ALWAYS' 'I' @140  519 (207)
 - public static final 'GL_DEPTH_BUFFER_BIT' 'I' @144  256 (100)
 - public static final 'GL_STENCIL_BUFFER_BIT' 'I' @148  1024 (400)
 - public static final 'GL_COLOR_BUFFER_BIT' 'I' @152  16384 (4000)
 - public static final 'GL_POINTS' 'I' @156  0
 - public static final 'GL_LINES' 'I' @160  1
 - public static final 'GL_LINE_LOOP' 'I' @164  2
 - public static final 'GL_LINE_STRIP' 'I' @168  3
 - public static final 'GL_TRIANGLES' 'I' @172  4
 - public static final 'GL_TRIANGLE_STRIP' 'I' @176  5
 - public static final 'GL_TRIANGLE_FAN' 'I' @180  6
 - public static final 'GL_QUADS' 'I' @184  7
 - public static final 'GL_ZERO' 'I' @188  0
 - public static final 'GL_ONE' 'I' @192  1
 - public static final 'GL_SRC_COLOR' 'I' @196  768 (300)
 - public static final 'GL_ONE_MINUS_SRC_COLOR' 'I' @200  769 (301)
 - public static final 'GL_SRC_ALPHA' 'I' @204  770 (302)
 - public static final 'GL_ONE_MINUS_SRC_ALPHA' 'I' @208  771 (303)
 - public static final 'GL_DST_ALPHA' 'I' @212  772 (304)
 - public static final 'GL_ONE_MINUS_DST_ALPHA' 'I' @216  773 (305)
 - public static final 'GL_DST_COLOR' 'I' @220  774 (306)
 - public static final 'GL_ONE_MINUS_DST_COLOR' 'I' @224  775 (307)
 - public static final 'GL_SRC_ALPHA_SATURATE' 'I' @228  776 (308)
 - public static final 'GL_TRUE' 'I' @232  1
 - public static final 'GL_FALSE' 'I' @236  0
 - public static final 'GL_BYTE' 'I' @240  5120 (1400)
 - public static final 'GL_UNSIGNED_BYTE' 'I' @244  5121 (1401)
 - public static final 'GL_SHORT' 'I' @248  5122 (1402)
 - public static final 'GL_UNSIGNED_SHORT' 'I' @252  5123 (1403)
 - public static final 'GL_INT' 'I' @256  5124 (1404)
 - public static final 'GL_UNSIGNED_INT' 'I' @260  5125 (1405)
 - public static final 'GL_FLOAT' 'I' @264  5126 (1406)
 - public static final 'GL_DOUBLE' 'I' @268  5130 (140a)
 - public static final 'GL_NONE' 'I' @272  0
 - public static final 'GL_FRONT_LEFT' 'I' @276  1024 (400)
 - public static final 'GL_FRONT_RIGHT' 'I' @280  1025 (401)
 - public static final 'GL_BACK_LEFT' 'I' @284  1026 (402)
 - public static final 'GL_BACK_RIGHT' 'I' @288  1027 (403)
 - public static final 'GL_FRONT' 'I' @292  1028 (404)
 - public static final 'GL_BACK' 'I' @296  1029 (405)
 - public static final 'GL_LEFT' 'I' @300  1030 (406)
 - public static final 'GL_RIGHT' 'I' @304  1031 (407)
 - public static final 'GL_FRONT_AND_BACK' 'I' @308  1032 (408)
 - public static final 'GL_NO_ERROR' 'I' @312  0
 - public static final 'GL_INVALID_ENUM' 'I' @316  1280 (500)
 - public static final 'GL_INVALID_VALUE' 'I' @320  1281 (501)
 - public static final 'GL_INVALID_OPERATION' 'I' @324  1282 (502)
 - public static final 'GL_STACK_OVERFLOW' 'I' @328  1283 (503)
 - public static final 'GL_STACK_UNDERFLOW' 'I' @332  1284 (504)
 - public static final 'GL_OUT_OF_MEMORY' 'I' @336  1285 (505)
 - public static final 'GL_CW' 'I' @340  2304 (900)
 - public static final 'GL_CCW' 'I' @344  2305 (901)
 - public static final 'GL_POINT_SIZE' 'I' @348  2833 (b11)
 - public static final 'GL_POINT_SIZE_RANGE' 'I' @352  2834 (b12)
 - public static final 'GL_POINT_SIZE_GRANULARITY' 'I' @356  2835 (b13)
 - public static final 'GL_LINE_SMOOTH' 'I' @360  2848 (b20)
 - public static final 'GL_LINE_WIDTH' 'I' @364  2849 (b21)
 - public static final 'GL_LINE_WIDTH_RANGE' 'I' @368  2850 (b22)
 - public static final 'GL_LINE_WIDTH_GRANULARITY' 'I' @372  2851 (b23)
 - public static final 'GL_POLYGON_MODE' 'I' @376  2880 (b40)
 - public static final 'GL_POLYGON_SMOOTH' 'I' @380  2881 (b41)
 - public static final 'GL_CULL_FACE' 'I' @384  2884 (b44)
 - public static final 'GL_CULL_FACE_MODE' 'I' @388  2885 (b45)
 - public static final 'GL_FRONT_FACE' 'I' @392  2886 (b46)
 - public static final 'GL_DEPTH_RANGE' 'I' @396  2928 (b70)
 - public static final 'GL_DEPTH_TEST' 'I' @400  2929 (b71)
 - public static final 'GL_DEPTH_WRITEMASK' 'I' @404  2930 (b72)
 - public static final 'GL_DEPTH_CLEAR_VALUE' 'I' @408  2931 (b73)
 - public static final 'GL_DEPTH_FUNC' 'I' @412  2932 (b74)
 - public static final 'GL_STENCIL_TEST' 'I' @416  2960 (b90)
 - public static final 'GL_STENCIL_CLEAR_VALUE' 'I' @420  2961 (b91)
 - public static final 'GL_STENCIL_FUNC' 'I' @424  2962 (b92)
 - public static final 'GL_STENCIL_VALUE_MASK' 'I' @428  2963 (b93)
 - public static final 'GL_STENCIL_FAIL' 'I' @432  2964 (b94)
 - public static final 'GL_STENCIL_PASS_DEPTH_FAIL' 'I' @436  2965 (b95)
 - public static final 'GL_STENCIL_PASS_DEPTH_PASS' 'I' @440  2966 (b96)
 - public static final 'GL_STENCIL_REF' 'I' @444  2967 (b97)
 - public static final 'GL_STENCIL_WRITEMASK' 'I' @448  2968 (b98)
 - public static final 'GL_VIEWPORT' 'I' @452  2978 (ba2)
 - public static final 'GL_DITHER' 'I' @456  3024 (bd0)
 - public static final 'GL_BLEND_DST' 'I' @460  3040 (be0)
 - public static final 'GL_BLEND_SRC' 'I' @464  3041 (be1)
 - public static final 'GL_BLEND' 'I' @468  3042 (be2)
 - public static final 'GL_LOGIC_OP_MODE' 'I' @472  3056 (bf0)
 - public static final 'GL_COLOR_LOGIC_OP' 'I' @476  3058 (bf2)
 - public static final 'GL_DRAW_BUFFER' 'I' @480  3073 (c01)
 - public static final 'GL_READ_BUFFER' 'I' @484  3074 (c02)
 - public static final 'GL_SCISSOR_BOX' 'I' @488  3088 (c10)
 - public static final 'GL_SCISSOR_TEST' 'I' @492  3089 (c11)
 - public static final 'GL_COLOR_CLEAR_VALUE' 'I' @496  3106 (c22)
 - public static final 'GL_COLOR_WRITEMASK' 'I' @500  3107 (c23)
 - public static final 'GL_DOUBLEBUFFER' 'I' @504  3122 (c32)
 - public static final 'GL_STEREO' 'I' @508  3123 (c33)
 - public static final 'GL_LINE_SMOOTH_HINT' 'I' @512  3154 (c52)
 - public static final 'GL_POLYGON_SMOOTH_HINT' 'I' @516  3155 (c53)
 - public static final 'GL_UNPACK_SWAP_BYTES' 'I' @520  3312 (cf0)
 - public static final 'GL_UNPACK_LSB_FIRST' 'I' @524  3313 (cf1)
 - public static final 'GL_UNPACK_ROW_LENGTH' 'I' @528  3314 (cf2)
 - public static final 'GL_UNPACK_SKIP_ROWS' 'I' @532  3315 (cf3)
 - public static final 'GL_UNPACK_SKIP_PIXELS' 'I' @536  3316 (cf4)
 - public static final 'GL_UNPACK_ALIGNMENT' 'I' @540  3317 (cf5)
 - public static final 'GL_PACK_SWAP_BYTES' 'I' @544  3328 (d00)
 - public static final 'GL_PACK_LSB_FIRST' 'I' @548  3329 (d01)
 - public static final 'GL_PACK_ROW_LENGTH' 'I' @552  3330 (d02)
 - public static final 'GL_PACK_SKIP_ROWS' 'I' @556  3331 (d03)
 - public static final 'GL_PACK_SKIP_PIXELS' 'I' @560  3332 (d04)
 - public static final 'GL_PACK_ALIGNMENT' 'I' @564  3333 (d05)
 - public static final 'GL_MAX_TEXTURE_SIZE' 'I' @568  3379 (d33)
 - public static final 'GL_MAX_VIEWPORT_DIMS' 'I' @572  3386 (d3a)
 - public static final 'GL_SUBPIXEL_BITS' 'I' @576  3408 (d50)
 - public static final 'GL_TEXTURE_1D' 'I' @580  3552 (de0)
 - public static final 'GL_TEXTURE_2D' 'I' @584  3553 (de1)
 - public static final 'GL_TEXTURE_WIDTH' 'I' @588  4096 (1000)
 - public static final 'GL_TEXTURE_HEIGHT' 'I' @592  4097 (1001)
 - public static final 'GL_TEXTURE_INTERNAL_FORMAT' 'I' @596  4099 (1003)
 - public static final 'GL_TEXTURE_BORDER_COLOR' 'I' @600  4100 (1004)
 - public static final 'GL_DONT_CARE' 'I' @604  4352 (1100)
 - public static final 'GL_FASTEST' 'I' @608  4353 (1101)
 - public static final 'GL_NICEST' 'I' @612  4354 (1102)
 - public static final 'GL_CLEAR' 'I' @616  5376 (1500)
 - public static final 'GL_AND' 'I' @620  5377 (1501)
 - public static final 'GL_AND_REVERSE' 'I' @624  5378 (1502)
 - public static final 'GL_COPY' 'I' @628  5379 (1503)
 - public static final 'GL_AND_INVERTED' 'I' @632  5380 (1504)
 - public static final 'GL_NOOP' 'I' @636  5381 (1505)
 - public static final 'GL_XOR' 'I' @640  5382 (1506)
 - public static final 'GL_OR' 'I' @644  5383 (1507)
 - public static final 'GL_NOR' 'I' @648  5384 (1508)
 - public static final 'GL_EQUIV' 'I' @652  5385 (1509)
 - public static final 'GL_INVERT' 'I' @656  5386 (150a)
 - public static final 'GL_OR_REVERSE' 'I' @660  5387 (150b)
 - public static final 'GL_COPY_INVERTED' 'I' @664  5388 (150c)
 - public static final 'GL_OR_INVERTED' 'I' @668  5389 (150d)
 - public static final 'GL_NAND' 'I' @672  5390 (150e)
 - public static final 'GL_SET' 'I' @676  5391 (150f)
 - public static final 'GL_TEXTURE' 'I' @680  5890 (1702)
 - public static final 'GL_COLOR' 'I' @684  6144 (1800)
 - public static final 'GL_DEPTH' 'I' @688  6145 (1801)
 - public static final 'GL_STENCIL' 'I' @692  6146 (1802)
 - public static final 'GL_STENCIL_INDEX' 'I' @696  6401 (1901)
 - public static final 'GL_DEPTH_COMPONENT' 'I' @700  6402 (1902)
 - public static final 'GL_RED' 'I' @704  6403 (1903)
 - public static final 'GL_GREEN' 'I' @708  6404 (1904)
 - public static final 'GL_BLUE' 'I' @712  6405 (1905)
 - public static final 'GL_ALPHA' 'I' @716  6406 (1906)
 - public static final 'GL_RGB' 'I' @720  6407 (1907)
 - public static final 'GL_RGBA' 'I' @724  6408 (1908)
 - public static final 'GL_POINT' 'I' @728  6912 (1b00)
 - public static final 'GL_LINE' 'I' @732  6913 (1b01)
 - public static final 'GL_FILL' 'I' @736  6914 (1b02)
 - public static final 'GL_KEEP' 'I' @740  7680 (1e00)
 - public static final 'GL_REPLACE' 'I' @744  7681 (1e01)
 - public static final 'GL_INCR' 'I' @748  7682 (1e02)
 - public static final 'GL_DECR' 'I' @752  7683 (1e03)
 - public static final 'GL_VENDOR' 'I' @756  7936 (1f00)
 - public static final 'GL_RENDERER' 'I' @760  7937 (1f01)
 - public static final 'GL_VERSION' 'I' @764  7938 (1f02)
 - public static final 'GL_EXTENSIONS' 'I' @768  7939 (1f03)
 - public static final 'GL_NEAREST' 'I' @772  9728 (2600)
 - public static final 'GL_LINEAR' 'I' @776  9729 (2601)
 - public static final 'GL_NEAREST_MIPMAP_NEAREST' 'I' @780  9984 (2700)
 - public static final 'GL_LINEAR_MIPMAP_NEAREST' 'I' @784  9985 (2701)
 - public static final 'GL_NEAREST_MIPMAP_LINEAR' 'I' @788  9986 (2702)
 - public static final 'GL_LINEAR_MIPMAP_LINEAR' 'I' @792  9987 (2703)
 - public static final 'GL_TEXTURE_MAG_FILTER' 'I' @796  10240 (2800)
 - public static final 'GL_TEXTURE_MIN_FILTER' 'I' @800  10241 (2801)
 - public static final 'GL_TEXTURE_WRAP_S' 'I' @804  10242 (2802)
 - public static final 'GL_TEXTURE_WRAP_T' 'I' @808  10243 (2803)
 - public static final 'GL_REPEAT' 'I' @812  10497 (2901)
 - public static final 'GL_POLYGON_OFFSET_FACTOR' 'I' @816  32824 (8038)
 - public static final 'GL_POLYGON_OFFSET_UNITS' 'I' @820  10752 (2a00)
 - public static final 'GL_POLYGON_OFFSET_POINT' 'I' @824  10753 (2a01)
 - public static final 'GL_POLYGON_OFFSET_LINE' 'I' @828  10754 (2a02)
 - public static final 'GL_POLYGON_OFFSET_FILL' 'I' @832  32823 (8037)
 - public static final 'GL_R3_G3_B2' 'I' @836  10768 (2a10)
 - public static final 'GL_RGB4' 'I' @840  32847 (804f)
 - public static final 'GL_RGB5' 'I' @844  32848 (8050)
 - public static final 'GL_RGB8' 'I' @848  32849 (8051)
 - public static final 'GL_RGB10' 'I' @852  32850 (8052)
 - public static final 'GL_RGB12' 'I' @856  32851 (8053)
 - public static final 'GL_RGB16' 'I' @860  32852 (8054)
 - public static final 'GL_RGBA2' 'I' @864  32853 (8055)
 - public static final 'GL_RGBA4' 'I' @868  32854 (8056)
 - public static final 'GL_RGB5_A1' 'I' @872  32855 (8057)
 - public static final 'GL_RGBA8' 'I' @876  32856 (8058)
 - public static final 'GL_RGB10_A2' 'I' @880  32857 (8059)
 - public static final 'GL_RGBA12' 'I' @884  32858 (805a)
 - public static final 'GL_RGBA16' 'I' @888  32859 (805b)
 - public static final 'GL_TEXTURE_RED_SIZE' 'I' @892  32860 (805c)
 - public static final 'GL_TEXTURE_GREEN_SIZE' 'I' @896  32861 (805d)
 - public static final 'GL_TEXTURE_BLUE_SIZE' 'I' @900  32862 (805e)
 - public static final 'GL_TEXTURE_ALPHA_SIZE' 'I' @904  32863 (805f)
 - public static final 'GL_PROXY_TEXTURE_1D' 'I' @908  32867 (8063)
 - public static final 'GL_PROXY_TEXTURE_2D' 'I' @912  32868 (8064)
 - public static final 'GL_TEXTURE_BINDING_1D' 'I' @916  32872 (8068)
 - public static final 'GL_TEXTURE_BINDING_2D' 'I' @920  32873 (8069)
 - public static final 'GL_VERTEX_ARRAY' 'I' @924  32884 (8074)
R12=0x0 is NULL
R13={method} {0x0000020ddf0bce28} 'nglGenTextures' '(IJ)V' in 'org/lwjgl/opengl/GL11C'
R14=0x0000000ebebff580 is pointing into the stack for thread: 0x0000020db11077a0
R15=0x0000020db11077a0 is a thread


Top of Stack: (sp=0x0000000ebebff4c8)
0x0000000ebebff4c8:   0000020dc0763378 0000020dc075c41a
0x0000000ebebff4d8:   0000020dc0762cd0 0000020ddf0bce20
0x0000000ebebff4e8:   0000020dded80488 0000000ebebff568
0x0000000ebebff4f8:   0000020dc075c41a 0000020dc0762c76
0x0000000ebebff508:   0000000ebebff508 0000020ddf0bce20
0x0000000ebebff518:   0000000ebebff580 0000020ddf0c8000
0x0000000ebebff528:   0000000000000000 0000000620febef0
0x0000000ebebff538:   0000020ddf0bce20 0000000000000000
0x0000000ebebff548:   0000000ebebff570 0000000ebebff5d0
0x0000000ebebff558:   0000020dc075c11a 0000000620febef0
0x0000000ebebff568:   0000020dc075f557 0000020de33c599c
0x0000000ebebff578:   0000000000000000 0000000000000001
0x0000000ebebff588:   0000000ebebff588 0000020ddf0bcfa4
0x0000000ebebff598:   0000000ebebff600 0000020ddf0c8000
0x0000000ebebff5a8:   0000000000000000 0000000620febef0
0x0000000ebebff5b8:   0000020ddf0bd010 0000000ebebff570 

Instructions: (pc=0x00007ffa92fcc75d)
0x00007ffa92fcc65d:   cc cc cc 48 8b 01 41 0f b6 c8 48 8b 50 18 48 ff
0x00007ffa92fcc66d:   a2 d0 01 00 00 cc cc cc cc cc cc cc cc cc cc cc
0x00007ffa92fcc67d:   cc cc cc 48 8b 01 0f 28 cb 0f 28 c2 48 8b 48 18
0x00007ffa92fcc68d:   48 ff a1 d8 01 00 00 cc cc cc cc cc cc cc cc cc
0x00007ffa92fcc69d:   cc cc cc 48 8b 01 45 8b d8 44 8b 44 24 28 41 8b
0x00007ffa92fcc6ad:   d1 41 8b cb 4c 8b 50 18 49 ff a2 e8 01 00 00 cc
0x00007ffa92fcc6bd:   cc cc cc 48 8b 01 41 8b c8 48 8b 50 18 48 ff a2
0x00007ffa92fcc6cd:   f0 01 00 00 cc cc cc cc cc cc cc cc cc cc cc cc
0x00007ffa92fcc6dd:   cc cc cc 40 53 48 8b 01 41 8b d8 44 8b 44 24 30
0x00007ffa92fcc6ed:   41 8b d1 4c 8b 4c 24 38 8b cb 4c 8b 50 18 5b 49
0x00007ffa92fcc6fd:   ff a2 f8 01 00 00 cc cc cc cc cc cc cc cc cc cc
0x00007ffa92fcc70d:   cc cc cc 48 8b 01 48 8b 48 18 48 ff a1 98 02 00
0x00007ffa92fcc71d:   00 cc cc 48 8b 01 48 8b 48 18 48 ff a1 a0 02 00
0x00007ffa92fcc72d:   00 cc cc 48 8b 01 41 8b c8 48 8b 50 18 48 ff a2
0x00007ffa92fcc73d:   c8 02 00 00 cc cc cc cc cc cc cc cc cc cc cc cc
0x00007ffa92fcc74d:   cc cc cc 48 8b 01 49 8b d1 41 8b c8 4c 8b 50 18
0x00007ffa92fcc75d:   49 ff a2 d8 02 00 00 cc cc cc cc cc cc cc cc cc
0x00007ffa92fcc76d:   cc cc cc 48 8b 01 49 8b d1 41 8b c8 4c 8b 50 18
0x00007ffa92fcc77d:   49 ff a2 e0 02 00 00 cc cc cc cc cc cc cc cc cc
0x00007ffa92fcc78d:   cc cc cc 48 8b 01 49 8b d1 41 8b c8 4c 8b 50 18
0x00007ffa92fcc79d:   49 ff a2 f0 02 00 00 cc cc cc cc cc cc cc cc cc
0x00007ffa92fcc7ad:   cc cc cc 48 8b 01 49 8b d1 41 8b c8 4c 8b 50 18
0x00007ffa92fcc7bd:   49 ff a2 f8 02 00 00 cc cc cc cc cc cc cc cc cc
0x00007ffa92fcc7cd:   cc cc cc 48 8b 01 49 8b d1 41 8b c8 4c 8b 50 18
0x00007ffa92fcc7dd:   49 ff a2 00 03 00 00 cc cc cc cc cc cc cc cc cc
0x00007ffa92fcc7ed:   cc cc cc 48 8b 01 49 8b d1 41 8b c8 4c 8b 50 18
0x00007ffa92fcc7fd:   49 ff a2 08 03 00 00 cc cc cc cc cc cc cc cc cc
0x00007ffa92fcc80d:   cc cc cc 48 8b 01 48 8b 48 18 48 8b 81 10 03 00
0x00007ffa92fcc81d:   00 48 ff e0 cc cc cc cc cc cc cc cc cc cc cc cc
0x00007ffa92fcc82d:   cc cc cc 48 8b 01 49 8b d1 41 8b c8 4c 8b 50 18
0x00007ffa92fcc83d:   49 ff a2 68 03 00 00 cc cc cc cc cc cc cc cc cc
0x00007ffa92fcc84d:   cc cc cc 48 8b 01 48 8b 48 18 48 8b 81 78 03 00 


Stack slot to memory mapping:
stack at sp + 0 slots: 0x0000020dc0763378 is at code_begin+1976 in an Interpreter codelet
method entry point (kind = native)  [0x0000020dc0762bc0, 0x0000020dc0763e00]  4672 bytes
stack at sp + 1 slots: 0x0000020dc075c41a is at code_begin+4122 in an Interpreter codelet
return entry points  [0x0000020dc075b400, 0x0000020dc075d4d0]  8400 bytes
stack at sp + 2 slots: 0x0000020dc0762cd0 is at code_begin+272 in an Interpreter codelet
method entry point (kind = native)  [0x0000020dc0762bc0, 0x0000020dc0763e00]  4672 bytes
stack at sp + 3 slots: {method} {0x0000020ddf0bce28} 'nglGenTextures' '(IJ)V' in 'org/lwjgl/opengl/GL11C'
stack at sp + 4 slots: 0x0000020dded80488 is pointing into metadata
stack at sp + 5 slots: 0x0000000ebebff568 is pointing into the stack for thread: 0x0000020db11077a0
stack at sp + 6 slots: 0x0000020dc075c41a is at code_begin+4122 in an Interpreter codelet
return entry points  [0x0000020dc075b400, 0x0000020dc075d4d0]  8400 bytes
stack at sp + 7 slots: 0x0000020dc0762c76 is at code_begin+182 in an Interpreter codelet
method entry point (kind = native)  [0x0000020dc0762bc0, 0x0000020dc0763e00]  4672 bytes


---------------  P R O C E S S  ---------------

Threads class SMR info:
_java_thread_list=0x0000020de32579c0, length=18, elements={
0x0000020db11077a0, 0x0000020de2d440a0, 0x0000020de2d44f30, 0x0000020de2d4a020,
0x0000020de2d4fe80, 0x0000020de2d507b0, 0x0000020de2d51880, 0x0000020de2d590e0,
0x0000020de2d59660, 0x0000020de2d9c090, 0x0000020de2eb1aa0, 0x0000020de2ebe2a0,
0x0000020de2ecfba0, 0x0000020de2ecc760, 0x0000020de2eee0f0, 0x0000020de2efd530,
0x0000020de2efa520, 0x0000020de32717c0
}

Java Threads: ( => current thread )
=>0x0000020db11077a0 JavaThread "main" [_thread_in_native, id=19084, stack(0x0000000ebeb00000,0x0000000ebec00000)]
  0x0000020de2d440a0 JavaThread "Reference Handler" daemon [_thread_blocked, id=2636, stack(0x0000000ebf200000,0x0000000ebf300000)]
  0x0000020de2d44f30 JavaThread "Finalizer" daemon [_thread_blocked, id=17212, stack(0x0000000ebf300000,0x0000000ebf400000)]
  0x0000020de2d4a020 JavaThread "Signal Dispatcher" daemon [_thread_blocked, id=19088, stack(0x0000000ebf400000,0x0000000ebf500000)]
  0x0000020de2d4fe80 JavaThread "Attach Listener" daemon [_thread_blocked, id=6692, stack(0x0000000ebf500000,0x0000000ebf600000)]
  0x0000020de2d507b0 JavaThread "Service Thread" daemon [_thread_blocked, id=20592, stack(0x0000000ebf600000,0x0000000ebf700000)]
  0x0000020de2d51880 JavaThread "Monitor Deflation Thread" daemon [_thread_blocked, id=3748, stack(0x0000000ebf700000,0x0000000ebf800000)]
  0x0000020de2d590e0 JavaThread "C2 CompilerThread0" daemon [_thread_blocked, id=31092, stack(0x0000000ebf800000,0x0000000ebf900000)]
  0x0000020de2d59660 JavaThread "C1 CompilerThread0" daemon [_thread_blocked, id=29888, stack(0x0000000ebf900000,0x0000000ebfa00000)]
  0x0000020de2d9c090 JavaThread "Sweeper thread" daemon [_thread_blocked, id=27900, stack(0x0000000ebfa00000,0x0000000ebfb00000)]
  0x0000020de2eb1aa0 JavaThread "C1 CompilerThread1" daemon [_thread_blocked, id=3184, stack(0x0000000ebfb00000,0x0000000ebfc00000)]
  0x0000020de2ebe2a0 JavaThread "C1 CompilerThread2" daemon [_thread_blocked, id=18284, stack(0x0000000ebfc00000,0x0000000ebfd00000)]
  0x0000020de2ecfba0 JavaThread "JDWP Transport Listener: dt_socket" daemon [_thread_blocked, id=4600, stack(0x0000000ebfd00000,0x0000000ebfe00000)]
  0x0000020de2ecc760 JavaThread "JDWP Event Helper Thread" daemon [_thread_blocked, id=3500, stack(0x0000000ebfe00000,0x0000000ebff00000)]
  0x0000020de2eee0f0 JavaThread "JDWP Command Reader" daemon [_thread_in_native, id=24196, stack(0x0000000ebff00000,0x0000000ec0000000)]
  0x0000020de2efd530 JavaThread "Notification Thread" daemon [_thread_blocked, id=18004, stack(0x0000000ec0000000,0x0000000ec0100000)]
  0x0000020de2efa520 JavaThread "Common-Cleaner" daemon [_thread_blocked, id=30184, stack(0x0000000ec0200000,0x0000000ec0300000)]
  0x0000020de32717c0 JavaThread "C2 CompilerThread1" daemon [_thread_blocked, id=30648, stack(0x0000000ec0300000,0x0000000ec0400000)]

Other Threads:
  0x0000020dddeae540 VMThread "VM Thread" [stack: 0x0000000ebf100000,0x0000000ebf200000] [id=17160]
  0x0000020de2ecccb0 WatcherThread "VM Periodic Task Thread" [stack: 0x0000000ec0100000,0x0000000ec0200000] [id=3060]
  0x0000020db11bb030 WorkerThread "GC Thread#0" [stack: 0x0000000ebec00000,0x0000000ebed00000] [id=17304]
  0x0000020db11cc080 ConcurrentGCThread "G1 Main Marker" [stack: 0x0000000ebed00000,0x0000000ebee00000] [id=4080]
  0x0000020db11ccab0 WorkerThread "G1 Conc#0" [stack: 0x0000000ebee00000,0x0000000ebef00000] [id=30748]
  0x0000020dddd68020 ConcurrentGCThread "G1 Refine#0" [stack: 0x0000000ebef00000,0x0000000ebf000000] [id=30300]
  0x0000020dddd68b60 ConcurrentGCThread "G1 Service" [stack: 0x0000000ebf000000,0x0000000ebf100000] [id=7436]

Threads with active compile tasks:

VM state: not at safepoint (normal execution)

VM Mutex/Monitor currently owned by a thread: None

Heap address: 0x0000000601400000, size: 8172 MB, Compressed Oops mode: Zero based, Oop shift amount: 3

CDS archive(s) mapped at: [0x0000000800000000-0x0000000800c40000-0x0000000800c40000), size 12845056, SharedBaseAddress: 0x0000000800000000, ArchiveRelocationMode: 0.
Compressed class space mapped at: 0x0000000801000000-0x0000000841000000, reserved size: 1073741824
Narrow klass base: 0x0000000800000000, Narrow klass shift: 0, Narrow klass range: 0x100000000

GC Precious Log:
 CardTable entry size: 512
 Card Set container configuration: InlinePtr #cards 4 size 8 Array Of Cards #cards 32 size 80 Howl #buckets 8 coarsen threshold 7372 Howl Bitmap #cards 1024 size 144 coarsen threshold 921 Card regions per heap region 1 cards per card region 8192
 CPUs: 16 total, 16 available
 Memory: 32687M
 Large Page Support: Disabled
 NUMA Support: Disabled
 Compressed Oops: Enabled (Zero based)
 Heap Region Size: 4M
 Heap Min Capacity: 8M
 Heap Initial Capacity: 512M
 Heap Max Capacity: 8172M
 Pre-touch: Disabled
 Parallel Workers: 13
 Concurrent Workers: 3
 Concurrent Refinement Workers: 13
 Periodic GC: Disabled

Heap:
 garbage-first heap   total 524288K, used 4096K [0x0000000601400000, 0x0000000800000000)
  region size 4096K, 2 young (8192K), 0 survivors (0K)
 Metaspace       used 2519K, committed 2688K, reserved 1114112K
  class space    used 181K, committed 256K, reserved 1048576K

Heap Regions: E=young(eden), S=young(survivor), O=old, HS=humongous(starts), HC=humongous(continues), CS=collection set, F=free, OA=open archive, CA=closed archive, TAMS=top-at-mark-start (previous, next)
|   0|0x0000000601400000, 0x0000000601400000, 0x0000000601800000|  0%| F|  |TAMS 0x0000000601400000, 0x0000000601400000| Untracked 
|   1|0x0000000601800000, 0x0000000601800000, 0x0000000601c00000|  0%| F|  |TAMS 0x0000000601800000, 0x0000000601800000| Untracked 
|   2|0x0000000601c00000, 0x0000000601c00000, 0x0000000602000000|  0%| F|  |TAMS 0x0000000601c00000, 0x0000000601c00000| Untracked 
|   3|0x0000000602000000, 0x0000000602000000, 0x0000000602400000|  0%| F|  |TAMS 0x0000000602000000, 0x0000000602000000| Untracked 
|   4|0x0000000602400000, 0x0000000602400000, 0x0000000602800000|  0%| F|  |TAMS 0x0000000602400000, 0x0000000602400000| Untracked 
|   5|0x0000000602800000, 0x0000000602800000, 0x0000000602c00000|  0%| F|  |TAMS 0x0000000602800000, 0x0000000602800000| Untracked 
|   6|0x0000000602c00000, 0x0000000602c00000, 0x0000000603000000|  0%| F|  |TAMS 0x0000000602c00000, 0x0000000602c00000| Untracked 
|   7|0x0000000603000000, 0x0000000603000000, 0x0000000603400000|  0%| F|  |TAMS 0x0000000603000000, 0x0000000603000000| Untracked 
|   8|0x0000000603400000, 0x0000000603400000, 0x0000000603800000|  0%| F|  |TAMS 0x0000000603400000, 0x0000000603400000| Untracked 
|   9|0x0000000603800000, 0x0000000603800000, 0x0000000603c00000|  0%| F|  |TAMS 0x0000000603800000, 0x0000000603800000| Untracked 
|  10|0x0000000603c00000, 0x0000000603c00000, 0x0000000604000000|  0%| F|  |TAMS 0x0000000603c00000, 0x0000000603c00000| Untracked 
|  11|0x0000000604000000, 0x0000000604000000, 0x0000000604400000|  0%| F|  |TAMS 0x0000000604000000, 0x0000000604000000| Untracked 
|  12|0x0000000604400000, 0x0000000604400000, 0x0000000604800000|  0%| F|  |TAMS 0x0000000604400000, 0x0000000604400000| Untracked 
|  13|0x0000000604800000, 0x0000000604800000, 0x0000000604c00000|  0%| F|  |TAMS 0x0000000604800000, 0x0000000604800000| Untracked 
|  14|0x0000000604c00000, 0x0000000604c00000, 0x0000000605000000|  0%| F|  |TAMS 0x0000000604c00000, 0x0000000604c00000| Untracked 
|  15|0x0000000605000000, 0x0000000605000000, 0x0000000605400000|  0%| F|  |TAMS 0x0000000605000000, 0x0000000605000000| Untracked 
|  16|0x0000000605400000, 0x0000000605400000, 0x0000000605800000|  0%| F|  |TAMS 0x0000000605400000, 0x0000000605400000| Untracked 
|  17|0x0000000605800000, 0x0000000605800000, 0x0000000605c00000|  0%| F|  |TAMS 0x0000000605800000, 0x0000000605800000| Untracked 
|  18|0x0000000605c00000, 0x0000000605c00000, 0x0000000606000000|  0%| F|  |TAMS 0x0000000605c00000, 0x0000000605c00000| Untracked 
|  19|0x0000000606000000, 0x0000000606000000, 0x0000000606400000|  0%| F|  |TAMS 0x0000000606000000, 0x0000000606000000| Untracked 
|  20|0x0000000606400000, 0x0000000606400000, 0x0000000606800000|  0%| F|  |TAMS 0x0000000606400000, 0x0000000606400000| Untracked 
|  21|0x0000000606800000, 0x0000000606800000, 0x0000000606c00000|  0%| F|  |TAMS 0x0000000606800000, 0x0000000606800000| Untracked 
|  22|0x0000000606c00000, 0x0000000606c00000, 0x0000000607000000|  0%| F|  |TAMS 0x0000000606c00000, 0x0000000606c00000| Untracked 
|  23|0x0000000607000000, 0x0000000607000000, 0x0000000607400000|  0%| F|  |TAMS 0x0000000607000000, 0x0000000607000000| Untracked 
|  24|0x0000000607400000, 0x0000000607400000, 0x0000000607800000|  0%| F|  |TAMS 0x0000000607400000, 0x0000000607400000| Untracked 
|  25|0x0000000607800000, 0x0000000607800000, 0x0000000607c00000|  0%| F|  |TAMS 0x0000000607800000, 0x0000000607800000| Untracked 
|  26|0x0000000607c00000, 0x0000000607c00000, 0x0000000608000000|  0%| F|  |TAMS 0x0000000607c00000, 0x0000000607c00000| Untracked 
|  27|0x0000000608000000, 0x0000000608000000, 0x0000000608400000|  0%| F|  |TAMS 0x0000000608000000, 0x0000000608000000| Untracked 
|  28|0x0000000608400000, 0x0000000608400000, 0x0000000608800000|  0%| F|  |TAMS 0x0000000608400000, 0x0000000608400000| Untracked 
|  29|0x0000000608800000, 0x0000000608800000, 0x0000000608c00000|  0%| F|  |TAMS 0x0000000608800000, 0x0000000608800000| Untracked 
|  30|0x0000000608c00000, 0x0000000608c00000, 0x0000000609000000|  0%| F|  |TAMS 0x0000000608c00000, 0x0000000608c00000| Untracked 
|  31|0x0000000609000000, 0x0000000609000000, 0x0000000609400000|  0%| F|  |TAMS 0x0000000609000000, 0x0000000609000000| Untracked 
|  32|0x0000000609400000, 0x0000000609400000, 0x0000000609800000|  0%| F|  |TAMS 0x0000000609400000, 0x0000000609400000| Untracked 
|  33|0x0000000609800000, 0x0000000609800000, 0x0000000609c00000|  0%| F|  |TAMS 0x0000000609800000, 0x0000000609800000| Untracked 
|  34|0x0000000609c00000, 0x0000000609c00000, 0x000000060a000000|  0%| F|  |TAMS 0x0000000609c00000, 0x0000000609c00000| Untracked 
|  35|0x000000060a000000, 0x000000060a000000, 0x000000060a400000|  0%| F|  |TAMS 0x000000060a000000, 0x000000060a000000| Untracked 
|  36|0x000000060a400000, 0x000000060a400000, 0x000000060a800000|  0%| F|  |TAMS 0x000000060a400000, 0x000000060a400000| Untracked 
|  37|0x000000060a800000, 0x000000060a800000, 0x000000060ac00000|  0%| F|  |TAMS 0x000000060a800000, 0x000000060a800000| Untracked 
|  38|0x000000060ac00000, 0x000000060ac00000, 0x000000060b000000|  0%| F|  |TAMS 0x000000060ac00000, 0x000000060ac00000| Untracked 
|  39|0x000000060b000000, 0x000000060b000000, 0x000000060b400000|  0%| F|  |TAMS 0x000000060b000000, 0x000000060b000000| Untracked 
|  40|0x000000060b400000, 0x000000060b400000, 0x000000060b800000|  0%| F|  |TAMS 0x000000060b400000, 0x000000060b400000| Untracked 
|  41|0x000000060b800000, 0x000000060b800000, 0x000000060bc00000|  0%| F|  |TAMS 0x000000060b800000, 0x000000060b800000| Untracked 
|  42|0x000000060bc00000, 0x000000060bc00000, 0x000000060c000000|  0%| F|  |TAMS 0x000000060bc00000, 0x000000060bc00000| Untracked 
|  43|0x000000060c000000, 0x000000060c000000, 0x000000060c400000|  0%| F|  |TAMS 0x000000060c000000, 0x000000060c000000| Untracked 
|  44|0x000000060c400000, 0x000000060c400000, 0x000000060c800000|  0%| F|  |TAMS 0x000000060c400000, 0x000000060c400000| Untracked 
|  45|0x000000060c800000, 0x000000060c800000, 0x000000060cc00000|  0%| F|  |TAMS 0x000000060c800000, 0x000000060c800000| Untracked 
|  46|0x000000060cc00000, 0x000000060cc00000, 0x000000060d000000|  0%| F|  |TAMS 0x000000060cc00000, 0x000000060cc00000| Untracked 
|  47|0x000000060d000000, 0x000000060d000000, 0x000000060d400000|  0%| F|  |TAMS 0x000000060d000000, 0x000000060d000000| Untracked 
|  48|0x000000060d400000, 0x000000060d400000, 0x000000060d800000|  0%| F|  |TAMS 0x000000060d400000, 0x000000060d400000| Untracked 
|  49|0x000000060d800000, 0x000000060d800000, 0x000000060dc00000|  0%| F|  |TAMS 0x000000060d800000, 0x000000060d800000| Untracked 
|  50|0x000000060dc00000, 0x000000060dc00000, 0x000000060e000000|  0%| F|  |TAMS 0x000000060dc00000, 0x000000060dc00000| Untracked 
|  51|0x000000060e000000, 0x000000060e000000, 0x000000060e400000|  0%| F|  |TAMS 0x000000060e000000, 0x000000060e000000| Untracked 
|  52|0x000000060e400000, 0x000000060e400000, 0x000000060e800000|  0%| F|  |TAMS 0x000000060e400000, 0x000000060e400000| Untracked 
|  53|0x000000060e800000, 0x000000060e800000, 0x000000060ec00000|  0%| F|  |TAMS 0x000000060e800000, 0x000000060e800000| Untracked 
|  54|0x000000060ec00000, 0x000000060ec00000, 0x000000060f000000|  0%| F|  |TAMS 0x000000060ec00000, 0x000000060ec00000| Untracked 
|  55|0x000000060f000000, 0x000000060f000000, 0x000000060f400000|  0%| F|  |TAMS 0x000000060f000000, 0x000000060f000000| Untracked 
|  56|0x000000060f400000, 0x000000060f400000, 0x000000060f800000|  0%| F|  |TAMS 0x000000060f400000, 0x000000060f400000| Untracked 
|  57|0x000000060f800000, 0x000000060f800000, 0x000000060fc00000|  0%| F|  |TAMS 0x000000060f800000, 0x000000060f800000| Untracked 
|  58|0x000000060fc00000, 0x000000060fc00000, 0x0000000610000000|  0%| F|  |TAMS 0x000000060fc00000, 0x000000060fc00000| Untracked 
|  59|0x0000000610000000, 0x0000000610000000, 0x0000000610400000|  0%| F|  |TAMS 0x0000000610000000, 0x0000000610000000| Untracked 
|  60|0x0000000610400000, 0x0000000610400000, 0x0000000610800000|  0%| F|  |TAMS 0x0000000610400000, 0x0000000610400000| Untracked 
|  61|0x0000000610800000, 0x0000000610800000, 0x0000000610c00000|  0%| F|  |TAMS 0x0000000610800000, 0x0000000610800000| Untracked 
|  62|0x0000000610c00000, 0x0000000610c00000, 0x0000000611000000|  0%| F|  |TAMS 0x0000000610c00000, 0x0000000610c00000| Untracked 
|  63|0x0000000611000000, 0x0000000611000000, 0x0000000611400000|  0%| F|  |TAMS 0x0000000611000000, 0x0000000611000000| Untracked 
|  64|0x0000000611400000, 0x0000000611400000, 0x0000000611800000|  0%| F|  |TAMS 0x0000000611400000, 0x0000000611400000| Untracked 
|  65|0x0000000611800000, 0x0000000611800000, 0x0000000611c00000|  0%| F|  |TAMS 0x0000000611800000, 0x0000000611800000| Untracked 
|  66|0x0000000611c00000, 0x0000000611c00000, 0x0000000612000000|  0%| F|  |TAMS 0x0000000611c00000, 0x0000000611c00000| Untracked 
|  67|0x0000000612000000, 0x0000000612000000, 0x0000000612400000|  0%| F|  |TAMS 0x0000000612000000, 0x0000000612000000| Untracked 
|  68|0x0000000612400000, 0x0000000612400000, 0x0000000612800000|  0%| F|  |TAMS 0x0000000612400000, 0x0000000612400000| Untracked 
|  69|0x0000000612800000, 0x0000000612800000, 0x0000000612c00000|  0%| F|  |TAMS 0x0000000612800000, 0x0000000612800000| Untracked 
|  70|0x0000000612c00000, 0x0000000612c00000, 0x0000000613000000|  0%| F|  |TAMS 0x0000000612c00000, 0x0000000612c00000| Untracked 
|  71|0x0000000613000000, 0x0000000613000000, 0x0000000613400000|  0%| F|  |TAMS 0x0000000613000000, 0x0000000613000000| Untracked 
|  72|0x0000000613400000, 0x0000000613400000, 0x0000000613800000|  0%| F|  |TAMS 0x0000000613400000, 0x0000000613400000| Untracked 
|  73|0x0000000613800000, 0x0000000613800000, 0x0000000613c00000|  0%| F|  |TAMS 0x0000000613800000, 0x0000000613800000| Untracked 
|  74|0x0000000613c00000, 0x0000000613c00000, 0x0000000614000000|  0%| F|  |TAMS 0x0000000613c00000, 0x0000000613c00000| Untracked 
|  75|0x0000000614000000, 0x0000000614000000, 0x0000000614400000|  0%| F|  |TAMS 0x0000000614000000, 0x0000000614000000| Untracked 
|  76|0x0000000614400000, 0x0000000614400000, 0x0000000614800000|  0%| F|  |TAMS 0x0000000614400000, 0x0000000614400000| Untracked 
|  77|0x0000000614800000, 0x0000000614800000, 0x0000000614c00000|  0%| F|  |TAMS 0x0000000614800000, 0x0000000614800000| Untracked 
|  78|0x0000000614c00000, 0x0000000614c00000, 0x0000000615000000|  0%| F|  |TAMS 0x0000000614c00000, 0x0000000614c00000| Untracked 
|  79|0x0000000615000000, 0x0000000615000000, 0x0000000615400000|  0%| F|  |TAMS 0x0000000615000000, 0x0000000615000000| Untracked 
|  80|0x0000000615400000, 0x0000000615400000, 0x0000000615800000|  0%| F|  |TAMS 0x0000000615400000, 0x0000000615400000| Untracked 
|  81|0x0000000615800000, 0x0000000615800000, 0x0000000615c00000|  0%| F|  |TAMS 0x0000000615800000, 0x0000000615800000| Untracked 
|  82|0x0000000615c00000, 0x0000000615c00000, 0x0000000616000000|  0%| F|  |TAMS 0x0000000615c00000, 0x0000000615c00000| Untracked 
|  83|0x0000000616000000, 0x0000000616000000, 0x0000000616400000|  0%| F|  |TAMS 0x0000000616000000, 0x0000000616000000| Untracked 
|  84|0x0000000616400000, 0x0000000616400000, 0x0000000616800000|  0%| F|  |TAMS 0x0000000616400000, 0x0000000616400000| Untracked 
|  85|0x0000000616800000, 0x0000000616800000, 0x0000000616c00000|  0%| F|  |TAMS 0x0000000616800000, 0x0000000616800000| Untracked 
|  86|0x0000000616c00000, 0x0000000616c00000, 0x0000000617000000|  0%| F|  |TAMS 0x0000000616c00000, 0x0000000616c00000| Untracked 
|  87|0x0000000617000000, 0x0000000617000000, 0x0000000617400000|  0%| F|  |TAMS 0x0000000617000000, 0x0000000617000000| Untracked 
|  88|0x0000000617400000, 0x0000000617400000, 0x0000000617800000|  0%| F|  |TAMS 0x0000000617400000, 0x0000000617400000| Untracked 
|  89|0x0000000617800000, 0x0000000617800000, 0x0000000617c00000|  0%| F|  |TAMS 0x0000000617800000, 0x0000000617800000| Untracked 
|  90|0x0000000617c00000, 0x0000000617c00000, 0x0000000618000000|  0%| F|  |TAMS 0x0000000617c00000, 0x0000000617c00000| Untracked 
|  91|0x0000000618000000, 0x0000000618000000, 0x0000000618400000|  0%| F|  |TAMS 0x0000000618000000, 0x0000000618000000| Untracked 
|  92|0x0000000618400000, 0x0000000618400000, 0x0000000618800000|  0%| F|  |TAMS 0x0000000618400000, 0x0000000618400000| Untracked 
|  93|0x0000000618800000, 0x0000000618800000, 0x0000000618c00000|  0%| F|  |TAMS 0x0000000618800000, 0x0000000618800000| Untracked 
|  94|0x0000000618c00000, 0x0000000618c00000, 0x0000000619000000|  0%| F|  |TAMS 0x0000000618c00000, 0x0000000618c00000| Untracked 
|  95|0x0000000619000000, 0x0000000619000000, 0x0000000619400000|  0%| F|  |TAMS 0x0000000619000000, 0x0000000619000000| Untracked 
|  96|0x0000000619400000, 0x0000000619400000, 0x0000000619800000|  0%| F|  |TAMS 0x0000000619400000, 0x0000000619400000| Untracked 
|  97|0x0000000619800000, 0x0000000619800000, 0x0000000619c00000|  0%| F|  |TAMS 0x0000000619800000, 0x0000000619800000| Untracked 
|  98|0x0000000619c00000, 0x0000000619c00000, 0x000000061a000000|  0%| F|  |TAMS 0x0000000619c00000, 0x0000000619c00000| Untracked 
|  99|0x000000061a000000, 0x000000061a000000, 0x000000061a400000|  0%| F|  |TAMS 0x000000061a000000, 0x000000061a000000| Untracked 
| 100|0x000000061a400000, 0x000000061a400000, 0x000000061a800000|  0%| F|  |TAMS 0x000000061a400000, 0x000000061a400000| Untracked 
| 101|0x000000061a800000, 0x000000061a800000, 0x000000061ac00000|  0%| F|  |TAMS 0x000000061a800000, 0x000000061a800000| Untracked 
| 102|0x000000061ac00000, 0x000000061ac00000, 0x000000061b000000|  0%| F|  |TAMS 0x000000061ac00000, 0x000000061ac00000| Untracked 
| 103|0x000000061b000000, 0x000000061b000000, 0x000000061b400000|  0%| F|  |TAMS 0x000000061b000000, 0x000000061b000000| Untracked 
| 104|0x000000061b400000, 0x000000061b400000, 0x000000061b800000|  0%| F|  |TAMS 0x000000061b400000, 0x000000061b400000| Untracked 
| 105|0x000000061b800000, 0x000000061b800000, 0x000000061bc00000|  0%| F|  |TAMS 0x000000061b800000, 0x000000061b800000| Untracked 
| 106|0x000000061bc00000, 0x000000061bc00000, 0x000000061c000000|  0%| F|  |TAMS 0x000000061bc00000, 0x000000061bc00000| Untracked 
| 107|0x000000061c000000, 0x000000061c000000, 0x000000061c400000|  0%| F|  |TAMS 0x000000061c000000, 0x000000061c000000| Untracked 
| 108|0x000000061c400000, 0x000000061c400000, 0x000000061c800000|  0%| F|  |TAMS 0x000000061c400000, 0x000000061c400000| Untracked 
| 109|0x000000061c800000, 0x000000061c800000, 0x000000061cc00000|  0%| F|  |TAMS 0x000000061c800000, 0x000000061c800000| Untracked 
| 110|0x000000061cc00000, 0x000000061cc00000, 0x000000061d000000|  0%| F|  |TAMS 0x000000061cc00000, 0x000000061cc00000| Untracked 
| 111|0x000000061d000000, 0x000000061d000000, 0x000000061d400000|  0%| F|  |TAMS 0x000000061d000000, 0x000000061d000000| Untracked 
| 112|0x000000061d400000, 0x000000061d400000, 0x000000061d800000|  0%| F|  |TAMS 0x000000061d400000, 0x000000061d400000| Untracked 
| 113|0x000000061d800000, 0x000000061d800000, 0x000000061dc00000|  0%| F|  |TAMS 0x000000061d800000, 0x000000061d800000| Untracked 
| 114|0x000000061dc00000, 0x000000061dc00000, 0x000000061e000000|  0%| F|  |TAMS 0x000000061dc00000, 0x000000061dc00000| Untracked 
| 115|0x000000061e000000, 0x000000061e000000, 0x000000061e400000|  0%| F|  |TAMS 0x000000061e000000, 0x000000061e000000| Untracked 
| 116|0x000000061e400000, 0x000000061e400000, 0x000000061e800000|  0%| F|  |TAMS 0x000000061e400000, 0x000000061e400000| Untracked 
| 117|0x000000061e800000, 0x000000061e800000, 0x000000061ec00000|  0%| F|  |TAMS 0x000000061e800000, 0x000000061e800000| Untracked 
| 118|0x000000061ec00000, 0x000000061ec00000, 0x000000061f000000|  0%| F|  |TAMS 0x000000061ec00000, 0x000000061ec00000| Untracked 
| 119|0x000000061f000000, 0x000000061f000000, 0x000000061f400000|  0%| F|  |TAMS 0x000000061f000000, 0x000000061f000000| Untracked 
| 120|0x000000061f400000, 0x000000061f400000, 0x000000061f800000|  0%| F|  |TAMS 0x000000061f400000, 0x000000061f400000| Untracked 
| 121|0x000000061f800000, 0x000000061f800000, 0x000000061fc00000|  0%| F|  |TAMS 0x000000061f800000, 0x000000061f800000| Untracked 
| 122|0x000000061fc00000, 0x000000061fc00000, 0x0000000620000000|  0%| F|  |TAMS 0x000000061fc00000, 0x000000061fc00000| Untracked 
| 123|0x0000000620000000, 0x0000000620000000, 0x0000000620400000|  0%| F|  |TAMS 0x0000000620000000, 0x0000000620000000| Untracked 
| 124|0x0000000620400000, 0x0000000620400000, 0x0000000620800000|  0%| F|  |TAMS 0x0000000620400000, 0x0000000620400000| Untracked 
| 125|0x0000000620800000, 0x0000000620800000, 0x0000000620c00000|  0%| F|  |TAMS 0x0000000620800000, 0x0000000620800000| Untracked 
| 126|0x0000000620c00000, 0x0000000621000000, 0x0000000621000000|100%| E|  |TAMS 0x0000000620c00000, 0x0000000620c00000| Complete 
| 127|0x0000000621000000, 0x0000000621400000, 0x0000000621400000|100%| E|CS|TAMS 0x0000000621000000, 0x0000000621000000| Complete 

Card table byte_map: [0x0000020dc9b80000,0x0000020dcab80000] _byte_map_base: 0x0000020dc6b76000

Marking Bits (Prev, Next): (CMBitMap*) 0x0000020db11bb660, (CMBitMap*) 0x0000020db11bb6a0
 Prev Bits: [0x0000020dcbb80000, 0x0000020dd3b30000)
 Next Bits: [0x0000020dd3b30000, 0x0000020ddbae0000)

Polling page: 0x0000020db08d0000

Metaspace:

Usage:
  Non-class:      2.28 MB used.
      Class:    181.20 KB used.
       Both:      2.46 MB used.

Virtual space:
  Non-class space:       64.00 MB reserved,       2.38 MB (  4%) committed,  1 nodes.
      Class space:        1.00 GB reserved,     256.00 KB ( <1%) committed,  1 nodes.
             Both:        1.06 GB reserved,       2.63 MB ( <1%) committed. 

Chunk freelists:
   Non-Class:  3.19 MB
       Class:  3.67 MB
        Both:  6.86 MB

MaxMetaspaceSize: unlimited
CompressedClassSpaceSize: 1.00 GB
Initial GC threshold: 21.00 MB
Current GC threshold: 21.00 MB
CDS: on
MetaspaceReclaimPolicy: balanced
 - commit_granule_bytes: 65536.
 - commit_granule_words: 8192.
 - virtual_space_node_default_size: 8388608.
 - enlarge_chunks_in_place: 1.
 - new_chunks_are_fully_committed: 0.
 - uncommit_free_chunks: 1.
 - use_allocation_guard: 0.


Internal statistics:

num_allocs_failed_limit: 0.
num_arena_births: 64.
num_arena_deaths: 0.
num_vsnodes_births: 2.
num_vsnodes_deaths: 0.
num_space_committed: 42.
num_space_uncommitted: 0.
num_chunks_returned_to_freelist: 0.
num_chunks_taken_from_freelist: 112.
num_chunk_merges: 0.
num_chunk_splits: 70.
num_chunks_enlarged: 44.
num_inconsistent_stats: 0.

CodeHeap 'non-profiled nmethods': size=119168Kb used=157Kb max_used=157Kb free=119011Kb
 bounds [0x0000020dc0e90000, 0x0000020dc1100000, 0x0000020dc82f0000]
CodeHeap 'profiled nmethods': size=119104Kb used=807Kb max_used=807Kb free=118296Kb
 bounds [0x0000020db92f0000, 0x0000020db9560000, 0x0000020dc0740000]
CodeHeap 'non-nmethods': size=7488Kb used=2445Kb max_used=2465Kb free=5042Kb
 bounds [0x0000020dc0740000, 0x0000020dc09b0000, 0x0000020dc0e90000]
 total_blobs=1001 nmethods=535 adapters=375
 compilation: enabled
              stopped_count=0, restarted_count=0
 full_count=0

Compilation events (20 events):
Event: 0.217 Thread 0x0000020de2eb1aa0 nmethod 526 0x0000020dc0eb5190 code [0x0000020dc0eb5320, 0x0000020dc0eb53f8]
Event: 0.217 Thread 0x0000020de2d59660 nmethod 525 0x0000020dc0eb5490 code [0x0000020dc0eb5620, 0x0000020dc0eb56f8]
Event: 0.218 Thread 0x0000020de2eb1aa0  527       1       java.net.URL::getPath (5 bytes)
Event: 0.218 Thread 0x0000020de2d59660  528       1       java.net.URL::getQuery (5 bytes)
Event: 0.218 Thread 0x0000020de2eb1aa0 nmethod 527 0x0000020dc0eb5790 code [0x0000020dc0eb5920, 0x0000020dc0eb59f8]
Event: 0.218 Thread 0x0000020de2d59660 nmethod 528 0x0000020dc0eb5a90 code [0x0000020dc0eb5c20, 0x0000020dc0eb5cf8]
Event: 0.218 Thread 0x0000020de2ebe2a0 nmethod 524 0x0000020db93b8190 code [0x0000020db93b83e0, 0x0000020db93b8c28]
Event: 0.218 Thread 0x0000020de2d590e0  529       4       java.lang.StringLatin1::indexOf (36 bytes)
Event: 0.219 Thread 0x0000020de2eb1aa0  530       3       java.util.concurrent.ConcurrentHashMap$Node::<init> (14 bytes)
Event: 0.219 Thread 0x0000020de2eb1aa0 nmethod 530 0x0000020db93b8f10 code [0x0000020db93b90c0, 0x0000020db93b93b8]
Event: 0.219 Thread 0x0000020de2d590e0 nmethod 529 0x0000020dc0eb5d90 code [0x0000020dc0eb5f20, 0x0000020dc0eb60d8]
Event: 0.219 Thread 0x0000020de32717c0 nmethod 514 0x0000020dc0eb6210 code [0x0000020dc0eb63c0, 0x0000020dc0eb6928]
Event: 0.219 Thread 0x0000020de2eb1aa0  532       3       java.lang.Integer::toUnsignedLong (7 bytes)
Event: 0.219 Thread 0x0000020de2ebe2a0  533       3       sun.misc.Unsafe::putLong (11 bytes)
Event: 0.219 Thread 0x0000020de2d59660  534       3       org.lwjgl.system.MemoryUtil::memPutAddress (29 bytes)
Event: 0.220 Thread 0x0000020de2eb1aa0 nmethod 532 0x0000020db93b9490 code [0x0000020db93b9620, 0x0000020db93b9718]
Event: 0.220 Thread 0x0000020de2ebe2a0 nmethod 533 0x0000020db93b9790 code [0x0000020db93b9920, 0x0000020db93b9a38]
Event: 0.220 Thread 0x0000020de2d59660 nmethod 534 0x0000020db93b9b10 code [0x0000020db93b9cc0, 0x0000020db93b9eb8]
Event: 0.220 Thread 0x0000020de2d590e0  535       4       java.lang.Integer::toUnsignedLong (7 bytes)
Event: 0.220 Thread 0x0000020de2d590e0 nmethod 535 0x0000020dc0eb7110 code [0x0000020dc0eb7280, 0x0000020dc0eb72d8]

GC Heap History (0 events):
No events

Dll operation events (8 events):
Event: 0.006 Loaded shared library C:\Users\ckker\.jdks\corretto-19.0.2\bin\java.dll
Event: 0.013 Loaded shared library C:\Users\ckker\.jdks\corretto-19.0.2\bin\jsvml.dll
Event: 0.071 Loaded shared library C:\Users\ckker\.jdks\corretto-19.0.2\bin\net.dll
Event: 0.072 Loaded shared library C:\Users\ckker\.jdks\corretto-19.0.2\bin\nio.dll
Event: 0.075 Loaded shared library C:\Users\ckker\.jdks\corretto-19.0.2\bin\zip.dll
Event: 0.132 Loaded shared library C:\Users\ckker\.jdks\corretto-19.0.2\bin\jimage.dll
Event: 0.153 Loaded shared library C:\Users\ckker\AppData\Local\Temp\lwjgl_ckker\3.3.3+5\x64\lwjgl.dll
Event: 0.190 Loaded shared library C:\Users\ckker\AppData\Local\Temp\lwjgl_ckker\3.3.3+5\x64\lwjgl_opengl.dll

Deoptimization events (8 events):
Event: 0.118 Thread 0x0000020db11077a0 DEOPT PACKING pc=0x0000020db930c16a sp=0x0000000ebebf96e0
Event: 0.118 Thread 0x0000020db11077a0 DEOPT UNPACKING pc=0x0000020dc07a7543 sp=0x0000000ebebf8b00 mode 0
Event: 0.145 Thread 0x0000020db11077a0 Uncommon trap: trap_request=0xffffff45 fr.pc=0x0000020dc0e97208 relative=0x0000000000000068
Event: 0.145 Thread 0x0000020db11077a0 Uncommon trap: reason=unstable_if action=reinterpret pc=0x0000020dc0e97208 method=java.io.WinNTFileSystem.isSlash(C)Z @ 9 c2
Event: 0.145 Thread 0x0000020db11077a0 DEOPT PACKING pc=0x0000020dc0e97208 sp=0x0000000ebebfcbb0
Event: 0.145 Thread 0x0000020db11077a0 DEOPT UNPACKING pc=0x0000020dc07a6da3 sp=0x0000000ebebfcb48 mode 2
Event: 0.146 Thread 0x0000020db11077a0 DEOPT PACKING pc=0x0000020db92f91d5 sp=0x0000000ebebfc7c0
Event: 0.146 Thread 0x0000020db11077a0 DEOPT UNPACKING pc=0x0000020dc07a7543 sp=0x0000000ebebfbc38 mode 0

Classes loaded (20 events):
Event: 0.201 Loading class java/nio/DirectDoubleBufferU
Event: 0.201 Loading class java/nio/DirectDoubleBufferU done
Event: 0.201 Loading class sun/misc/Unsafe
Event: 0.201 Loading class sun/misc/Unsafe done
Event: 0.202 Loading class java/lang/invoke/DirectMethodHandle$StaticAccessor
Event: 0.202 Loading class java/lang/invoke/DirectMethodHandle$StaticAccessor done
Event: 0.203 Loading class java/util/function/LongPredicate
Event: 0.203 Loading class java/util/function/LongPredicate done
Event: 0.205 Loading class java/lang/foreign/MemorySegment
Event: 0.205 Loading class java/lang/foreign/Addressable
Event: 0.205 Loading class java/lang/foreign/Addressable done
Event: 0.205 Loading class java/lang/foreign/MemorySegment done
Event: 0.208 Loading class java/nio/InvalidMarkException
Event: 0.208 Loading class java/nio/InvalidMarkException done
Event: 0.208 Loading class java/nio/BufferUnderflowException
Event: 0.208 Loading class java/nio/BufferUnderflowException done
Event: 0.210 Loading class java/lang/IndexOutOfBoundsException
Event: 0.210 Loading class java/lang/IndexOutOfBoundsException done
Event: 0.217 Loading class java/util/Formatter$FixedString
Event: 0.217 Loading class java/util/Formatter$FixedString done

Classes unloaded (0 events):
No events

Classes redefined (0 events):
No events

Internal exceptions (20 events):
Event: 0.105 Thread 0x0000020db11077a0 Exception <a 'java/lang/NoSuchMethodError'{0x0000000620cfe288}: 'void java.lang.invoke.DirectMethodHandle$Holder.invokeSpecial(java.lang.Object, java.lang.Object, java.lang.Object)'> (0x0000000620cfe288) 
thrown [s\src\hotspot\share\interpreter\linkResolver.cpp, line 774]
Event: 0.108 Thread 0x0000020db11077a0 Exception <a 'java/lang/NoSuchMethodError'{0x0000000620d127a8}: 'java.lang.Object java.lang.invoke.DirectMethodHandle$Holder.invokeStatic(java.lang.Object, java.lang.Object, int)'> (0x0000000620d127a8) 
thrown [s\src\hotspot\share\interpreter\linkResolver.cpp, line 774]
Event: 0.109 Thread 0x0000020db11077a0 Exception <a 'java/lang/NoSuchMethodError'{0x0000000620d1e620}: 'void java.lang.invoke.DelegatingMethodHandle$Holder.delegate(java.lang.Object, java.lang.Object, int, java.lang.Object)'> (0x0000000620d1e620) 
thrown [s\src\hotspot\share\interpreter\linkResolver.cpp, line 774]
Event: 0.110 Thread 0x0000020db11077a0 Exception <a 'java/lang/NoSuchMethodError'{0x0000000620d22878}: 'int java.lang.invoke.DirectMethodHandle$Holder.invokeSpecial(java.lang.Object, java.lang.Object, java.lang.Object)'> (0x0000000620d22878) 
thrown [s\src\hotspot\share\interpreter\linkResolver.cpp, line 774]
Event: 0.116 Thread 0x0000020db11077a0 Exception <a 'java/lang/NoSuchMethodError'{0x0000000620dc0a68}: 'void java.lang.System.loadLibrary(java.lang.String, java.lang.Class)'> (0x0000000620dc0a68) 
thrown [s\src\hotspot\share\interpreter\linkResolver.cpp, line 774]
Event: 0.128 Thread 0x0000020db11077a0 Exception <a 'java/lang/NoSuchMethodError'{0x0000000620e21d48}: 'void java.lang.System.load(java.lang.String, java.lang.Class)'> (0x0000000620e21d48) 
thrown [s\src\hotspot\share\interpreter\linkResolver.cpp, line 774]
Event: 0.129 Thread 0x0000020db11077a0 Exception <a 'java/lang/NoSuchMethodError'{0x0000000620e24c48}: 'void java.lang.System.loadLibrary(java.lang.String, java.lang.Class)'> (0x0000000620e24c48) 
thrown [s\src\hotspot\share\interpreter\linkResolver.cpp, line 774]
Event: 0.151 Thread 0x0000020db11077a0 Exception <a 'sun/nio/fs/WindowsException'{0x0000000620e60bc8}> (0x0000000620e60bc8) 
thrown [s\src\hotspot\share\prims\jni.cpp, line 517]
Event: 0.152 Thread 0x0000020db11077a0 Exception <a 'sun/nio/fs/WindowsException'{0x0000000620e61118}> (0x0000000620e61118) 
thrown [s\src\hotspot\share\prims\jni.cpp, line 517]
Event: 0.189 Thread 0x0000020db11077a0 Exception <a 'sun/nio/fs/WindowsException'{0x0000000620ee39d0}> (0x0000000620ee39d0) 
thrown [s\src\hotspot\share\prims\jni.cpp, line 517]
Event: 0.189 Thread 0x0000020db11077a0 Exception <a 'sun/nio/fs/WindowsException'{0x0000000620ee3d70}> (0x0000000620ee3d70) 
thrown [s\src\hotspot\share\prims\jni.cpp, line 517]
Event: 0.195 Thread 0x0000020db11077a0 Exception <a 'sun/nio/fs/WindowsException'{0x0000000620eedaf0}> (0x0000000620eedaf0) 
thrown [s\src\hotspot\share\prims\jni.cpp, line 517]
Event: 0.195 Thread 0x0000020db11077a0 Exception <a 'sun/nio/fs/WindowsException'{0x0000000620eeddc0}> (0x0000000620eeddc0) 
thrown [s\src\hotspot\share\prims\jni.cpp, line 517]
Event: 0.200 Thread 0x0000020db11077a0 Exception <a 'java/lang/NoSuchMethodError'{0x0000000620f18038}: 'java.lang.Object java.lang.invoke.DirectMethodHandle$Holder.invokeStaticInit(java.lang.Object)'> (0x0000000620f18038) 
thrown [s\src\hotspot\share\interpreter\linkResolver.cpp, line 774]
Event: 0.204 Thread 0x0000020db11077a0 Exception <a 'java/lang/NoSuchMethodError'{0x0000000620f46238}: 'int java.lang.invoke.DirectMethodHandle$Holder.invokeStaticInit(java.lang.Object, java.lang.Object, int, long)'> (0x0000000620f46238) 
thrown [s\src\hotspot\share\interpreter\linkResolver.cpp, line 774]
Event: 0.204 Thread 0x0000020db11077a0 Exception <a 'java/lang/NoSuchMethodError'{0x0000000620f4bdb8}: 'java.lang.Object java.lang.invoke.DirectMethodHandle$Holder.newInvokeSpecial(java.lang.Object, java.lang.Object, int)'> (0x0000000620f4bdb8) 
thrown [s\src\hotspot\share\interpreter\linkResolver.cpp, line 774]
Event: 0.206 Thread 0x0000020db11077a0 Exception <a 'java/lang/NoSuchMethodError'{0x0000000620f5bf78}: 'int java.lang.invoke.DirectMethodHandle$Holder.invokeStaticInit(java.lang.Object, java.lang.Object, long, long)'> (0x0000000620f5bf78) 
thrown [s\src\hotspot\share\interpreter\linkResolver.cpp, line 774]
Event: 0.206 Thread 0x0000020db11077a0 Exception <a 'java/lang/NoSuchMethodError'{0x0000000620f62378}: 'java.lang.Object java.lang.invoke.DirectMethodHandle$Holder.newInvokeSpecial(java.lang.Object, java.lang.Object, long)'> (0x0000000620f62378) 
thrown [s\src\hotspot\share\interpreter\linkResolver.cpp, line 774]
Event: 0.207 Thread 0x0000020db11077a0 Exception <a 'java/lang/NoSuchMethodError'{0x0000000620f66688}: 'java.lang.Object java.lang.invoke.Invokers$Holder.linkToTargetMethod(java.lang.Object, long, java.lang.Object)'> (0x0000000620f66688) 
thrown [s\src\hotspot\share\interpreter\linkResolver.cpp, line 774]
Event: 0.208 Thread 0x0000020db11077a0 Exception <a 'java/lang/NoSuchMethodError'{0x0000000620f6dc10}: 'int java.lang.invoke.DirectMethodHandle$Holder.invokeStaticInit(java.lang.Object, java.lang.Object, java.lang.Object, long)'> (0x0000000620f6dc10) 
thrown [s\src\hotspot\share\interpreter\linkResolver.cpp, line 774]

VM Operations (6 events):
Event: 0.055 Executing VM operation: ChangeBreakpoints
Event: 0.055 Executing VM operation: ChangeBreakpoints done
Event: 0.076 Executing VM operation: HandshakeAllThreads
Event: 0.076 Executing VM operation: HandshakeAllThreads done
Event: 0.145 Executing VM operation: HandshakeAllThreads
Event: 0.145 Executing VM operation: HandshakeAllThreads done

Events (18 events):
Event: 0.013 Thread 0x0000020db11077a0 Thread added: 0x0000020db11077a0
Event: 0.022 Thread 0x0000020de2d440a0 Thread added: 0x0000020de2d440a0
Event: 0.022 Thread 0x0000020de2d44f30 Thread added: 0x0000020de2d44f30
Event: 0.022 Thread 0x0000020de2d4a020 Thread added: 0x0000020de2d4a020
Event: 0.022 Thread 0x0000020de2d4fe80 Thread added: 0x0000020de2d4fe80
Event: 0.022 Thread 0x0000020de2d507b0 Thread added: 0x0000020de2d507b0
Event: 0.023 Thread 0x0000020de2d51880 Thread added: 0x0000020de2d51880
Event: 0.023 Thread 0x0000020de2d590e0 Thread added: 0x0000020de2d590e0
Event: 0.023 Thread 0x0000020de2d59660 Thread added: 0x0000020de2d59660
Event: 0.023 Thread 0x0000020de2d9c090 Thread added: 0x0000020de2d9c090
Event: 0.049 Thread 0x0000020de2eb1aa0 Thread added: 0x0000020de2eb1aa0
Event: 0.050 Thread 0x0000020de2ebe2a0 Thread added: 0x0000020de2ebe2a0
Event: 0.055 Thread 0x0000020de2ecfba0 Thread added: 0x0000020de2ecfba0
Event: 0.055 Thread 0x0000020de2ecc760 Thread added: 0x0000020de2ecc760
Event: 0.055 Thread 0x0000020de2eee0f0 Thread added: 0x0000020de2eee0f0
Event: 0.060 Thread 0x0000020de2efd530 Thread added: 0x0000020de2efd530
Event: 0.062 Thread 0x0000020de2efa520 Thread added: 0x0000020de2efa520
Event: 0.184 Thread 0x0000020de32717c0 Thread added: 0x0000020de32717c0


Dynamic libraries:
0x00007ff66c8d0000 - 0x00007ff66c8dd000 	C:\Users\ckker\.jdks\corretto-19.0.2\bin\java.exe
0x00007ffaf7670000 - 0x00007ffaf7887000 	C:\WINDOWS\SYSTEM32\ntdll.dll
0x00007ffaf5770000 - 0x00007ffaf5834000 	C:\WINDOWS\System32\KERNEL32.DLL
0x00007ffaf4b80000 - 0x00007ffaf4f26000 	C:\WINDOWS\System32\KERNELBASE.dll
0x00007ffaf5170000 - 0x00007ffaf5281000 	C:\WINDOWS\System32\ucrtbase.dll
0x00007ffa56d80000 - 0x00007ffa56d97000 	C:\Users\ckker\.jdks\corretto-19.0.2\bin\jli.dll
0x00007ffa59920000 - 0x00007ffa59935000 	C:\Users\ckker\.jdks\corretto-19.0.2\bin\VCRUNTIME140.dll
0x00007ffaf54a0000 - 0x00007ffaf564e000 	C:\WINDOWS\System32\USER32.dll
0x00007ffaf4b50000 - 0x00007ffaf4b76000 	C:\WINDOWS\System32\win32u.dll
0x00007ffae4790000 - 0x00007ffae4a23000 	C:\WINDOWS\WinSxS\amd64_microsoft.windows.common-controls_6595b64144ccf1df_6.0.22621.2506_none_270c5ae97388e100\COMCTL32.dll
0x00007ffaf6240000 - 0x00007ffaf6269000 	C:\WINDOWS\System32\GDI32.dll
0x00007ffaf6940000 - 0x00007ffaf69e7000 	C:\WINDOWS\System32\msvcrt.dll
0x00007ffaf4f30000 - 0x00007ffaf5048000 	C:\WINDOWS\System32\gdi32full.dll
0x00007ffaf50d0000 - 0x00007ffaf516a000 	C:\WINDOWS\System32\msvcp_win.dll
0x00007ffaf6cc0000 - 0x00007ffaf6cf1000 	C:\WINDOWS\System32\IMM32.DLL
0x00007ffa2b9e0000 - 0x00007ffa2ba7b000 	C:\Users\ckker\.jdks\corretto-19.0.2\bin\msvcp140.dll
0x00007ffa11e70000 - 0x00007ffa12b49000 	C:\Users\ckker\.jdks\corretto-19.0.2\bin\server\jvm.dll
0x00007ffaf53d0000 - 0x00007ffaf5481000 	C:\WINDOWS\System32\ADVAPI32.dll
0x00007ffaf6180000 - 0x00007ffaf6225000 	C:\WINDOWS\System32\sechost.dll
0x00007ffaf5650000 - 0x00007ffaf5767000 	C:\WINDOWS\System32\RPCRT4.dll
0x00007ffaec260000 - 0x00007ffaec294000 	C:\WINDOWS\SYSTEM32\WINMM.dll
0x00007ffacdd70000 - 0x00007ffacdd79000 	C:\WINDOWS\SYSTEM32\WSOCK32.dll
0x00007ffaeac90000 - 0x00007ffaeac9a000 	C:\WINDOWS\SYSTEM32\VERSION.dll
0x00007ffaf69f0000 - 0x00007ffaf6a61000 	C:\WINDOWS\System32\WS2_32.dll
0x00007ffaf3a90000 - 0x00007ffaf3aa8000 	C:\WINDOWS\SYSTEM32\kernel.appcore.dll
0x00007ffad68b0000 - 0x00007ffad68ba000 	C:\Users\ckker\.jdks\corretto-19.0.2\bin\jimage.dll
0x00007ffae12d0000 - 0x00007ffae1503000 	C:\WINDOWS\SYSTEM32\DBGHELP.DLL
0x00007ffaf5dd0000 - 0x00007ffaf6159000 	C:\WINDOWS\System32\combase.dll
0x00007ffaf6860000 - 0x00007ffaf6937000 	C:\WINDOWS\System32\OLEAUT32.dll
0x00007ffad7590000 - 0x00007ffad75c2000 	C:\WINDOWS\SYSTEM32\dbgcore.DLL
0x00007ffaf5050000 - 0x00007ffaf50ca000 	C:\WINDOWS\System32\bcryptPrimitives.dll
0x00007ffa930a0000 - 0x00007ffa930db000 	C:\Users\ckker\.jdks\corretto-19.0.2\bin\jdwp.dll
0x00007ffa31c20000 - 0x00007ffa31c46000 	C:\Users\ckker\.jdks\corretto-19.0.2\bin\java.dll
0x00007ffa2b3e0000 - 0x00007ffa2b4b6000 	C:\Users\ckker\.jdks\corretto-19.0.2\bin\jsvml.dll
0x00007ffaf6d00000 - 0x00007ffaf755a000 	C:\WINDOWS\System32\SHELL32.dll
0x00007ffaf28c0000 - 0x00007ffaf31b6000 	C:\WINDOWS\SYSTEM32\windows.storage.dll
0x00007ffaf2780000 - 0x00007ffaf28be000 	C:\WINDOWS\SYSTEM32\wintypes.dll
0x00007ffaf6760000 - 0x00007ffaf6853000 	C:\WINDOWS\System32\SHCORE.dll
0x00007ffaf7560000 - 0x00007ffaf75be000 	C:\WINDOWS\System32\shlwapi.dll
0x00007ffaf4910000 - 0x00007ffaf4936000 	C:\WINDOWS\SYSTEM32\profapi.dll
0x00007ffada0a0000 - 0x00007ffada0ac000 	C:\Users\ckker\.jdks\corretto-19.0.2\bin\dt_socket.dll
0x00007ffaf3490000 - 0x00007ffaf34bd000 	C:\WINDOWS\SYSTEM32\IPHLPAPI.DLL
0x00007ffaf3f00000 - 0x00007ffaf3f69000 	C:\WINDOWS\system32\mswsock.dll
0x00007ffa55230000 - 0x00007ffa55243000 	C:\Users\ckker\.jdks\corretto-19.0.2\bin\net.dll
0x00007ffaee050000 - 0x00007ffaee187000 	C:\WINDOWS\SYSTEM32\WINHTTP.dll
0x00007ffa4ccd0000 - 0x00007ffa4cce5000 	C:\Users\ckker\.jdks\corretto-19.0.2\bin\nio.dll
0x00007ffa4c430000 - 0x00007ffa4c448000 	C:\Users\ckker\.jdks\corretto-19.0.2\bin\zip.dll
0x00007ffa93020000 - 0x00007ffa9309b000 	C:\Users\ckker\AppData\Local\Temp\lwjgl_ckker\3.3.3+5\x64\lwjgl.dll
0x00007ffa92fc0000 - 0x00007ffa9301e000 	C:\Users\ckker\AppData\Local\Temp\lwjgl_ckker\3.3.3+5\x64\lwjgl_opengl.dll
0x00007ffa9f270000 - 0x00007ffa9f370000 	C:\WINDOWS\SYSTEM32\opengl32.dll
0x00007ffa9f180000 - 0x00007ffa9f1ad000 	C:\WINDOWS\SYSTEM32\GLU32.dll
0x00007ffaf20f0000 - 0x00007ffaf2126000 	C:\WINDOWS\SYSTEM32\dxcore.dll

dbghelp: loaded successfully - version: 4.0.5 - missing functions: none
symbol engine: initialized successfully - sym options: 0x614 - pdb path: .;C:\Users\ckker\.jdks\corretto-19.0.2\bin;C:\WINDOWS\SYSTEM32;C:\WINDOWS\WinSxS\amd64_microsoft.windows.common-controls_6595b64144ccf1df_6.0.22621.2506_none_270c5ae97388e100;C:\Users\ckker\.jdks\corretto-19.0.2\bin\server;C:\Users\ckker\AppData\Local\Temp\lwjgl_ckker\3.3.3+5\x64

VM Arguments:
jvm_args: -agentlib:jdwp=transport=dt_socket,server=n,suspend=y,address=127.0.0.1:58211 -Dfile.encoding=windows-1252 -Duser.country=DE -Duser.language=de -Duser.variant 
java_command: ruby.test
java_class_path (initial): C:\Users\ckker\IdeaProjects\3DOpenGL\build\classes\java\main;C:\Users\ckker\IdeaProjects\3DOpenGL\build\resources\main;C:\Users\ckker\.gradle\caches\modules-2\files-2.1\org.lwjgl\lwjgl-assimp\3.3.3\c2c34011cbda30ed8cf98bc5cbf97b49afe5279a\lwjgl-assimp-3.3.3.jar;C:\Users\ckker\.gradle\caches\modules-2\files-2.1\org.lwjgl\lwjgl-assimp\3.3.3\d90ccdade594716062975cffd1431d387f770ac4\lwjgl-assimp-3.3.3-natives-windows.jar;C:\Users\ckker\.gradle\caches\modules-2\files-2.1\org.lwjgl\lwjgl-bgfx\3.3.3\a19c4bfd1532863425098f05316726854aed8c51\lwjgl-bgfx-3.3.3.jar;C:\Users\ckker\.gradle\caches\modules-2\files-2.1\org.lwjgl\lwjgl-bgfx\3.3.3\2db0ad304f20677e9269311cb6cb5f4f2eed889\lwjgl-bgfx-3.3.3-natives-windows.jar;C:\Users\ckker\.gradle\caches\modules-2\files-2.1\org.lwjgl\lwjgl-glfw\3.3.3\efa1eb78c5ccd840e9f329717109b5e892d72f8e\lwjgl-glfw-3.3.3.jar;C:\Users\ckker\.gradle\caches\modules-2\files-2.1\org.lwjgl\lwjgl-glfw\3.3.3\e449e28b4891fc423c54c85fbc5bb0b9efece67a\lwjgl-glfw-3.3.3-natives-windows.jar;C:\Users\ckker\.gradle\caches\modules-2\files-2.1\org.lwjgl\lwjgl-nanovg\3.3.3\37f0b9fc142948c3b2c6cd563db7233b14b9640c\lwjgl-nanovg-3.3.3.jar;C:\Users\ckker\.gradle\caches\modules-2\files-2.1\org.lwjgl\lwjgl-nanovg\3.3.3\ccfbc346c4ce0737b7fe758d6337a3741af2f256\lwjgl-nanovg-3.3.3-natives-windows.jar;C:\Users\ckker\.gradle\caches\modules-2\files-2.1\org.lwjgl\lwjgl-nuklear\3.3.3\d120a8ab01987e285f83f43f862bef728011d97d\lwjgl-nuklear-3.3.3.jar;C:\Users\ckker\.gradle\caches\modules-2\files-2.1\org.lwjgl\lwjgl-nuklear\3.3.3\3132690c8cbbdd7c948eb233610151b6a6c62b9a\lwjgl-nuklear-3.3.3-natives-windows.jar;C:\Users\ckker\.gradle\caches\modules-2\files-2.1\org.lwjgl\lwjgl-openal\3.3.3\daada81ceb5fc0c291fbfdd4433cb8d9423577f2\lwjgl-openal-3.3.3.jar;C:\Users\ckker\.gradle\caches\modules-2\files-2.1\org.lwjgl\lwjgl-openal\3.3.3\cf83862ae95d98496b26915024c7e666d8ab1c8f\lwjgl-openal-3.3.3-natives-windows.jar;C:\Users\ckker\.gradle\caches\modules-2\files-2.1\org.lwjgl\lwjgl-opengl\3.3.3\2f6b0147078396a58979125a4c947664e98293a\lwjgl-opengl-3.3.3.jar;C:\Users\ckker\.gradle\caches\modules-2\files-2.1\org.lwjgl\lwjgl-opengl\3.3.3\e6c1eec8be8a71951b830a4d69efc01c6531900c\lwjgl-opengl-3.3.3-natives-windows.jar;C:\Users\ckker\.gradle\caches\modules-2\files-2.1\org.lwjgl\lwjgl-par\3.3.3\9bf8ec696f9f8852418338e3000e31f3d9a730a4\lwjgl-par-3.3.3.jar;C:\Users\ckker\.gradle\caches\modules-2\files-2.1\org.lwjgl\lwjgl-par\3.3.3\a34de629b882f53f9a3905f0d04e4618fb9ec4a\lwjgl-par-3.3.3-natives-windows.jar;C:\Users\ckker\.gradle\caches\modules-2\files-2.1\org.lwjgl\lwjgl-stb\3.3.3\25dd6161988d7e65f71d5065c99902402ee32746\lwjgl-stb-3.3.3.jar;C:\Users\ckker\.gradle\caches\modules-2\files-2.1\org.lwjgl\lwjgl-stb\3.3.3\1d9facdf6541de114b0f963be33505b7679c78cb\lwjgl-stb-3.3.3-natives-windows.jar;C:\Users\ckker\.gradle\caches\modules-2\files-2.1\org.lwjgl\lwjgl-vulkan\3.3.3\2d85b61672fa82ec5045979ac49c7940913eea50\lwjgl-vulkan-3.3.3.jar;C:\Users\ckker\.gradle\caches\modules-2\files-2.1\org.lwjgl\lwjgl\3.3.3\29589b5f87ed335a6c7e7ee6a5775f81f97ecb84\lwjgl-3.3.3.jar;C:\Users\ckker\.gradle\caches\modules-2\files-2.1\org.lwjgl\lwjgl\3.3.3\a5ed18a2b82fc91b81f40d717cb1f64c9dcb0540\lwjgl-3.3.3-natives-windows.jar;C:\Users\ckker\.gradle\caches\modules-2\files-2.1\org.joml\joml\1.10.5\22566d58af70ad3d72308bab63b8339906deb649\joml-1.10.5.jar
Launcher Type: SUN_STANDARD

[Global flags]
     intx CICompilerCount                          = 12                                        {product} {ergonomic}
     uint ConcGCThreads                            = 3                                         {product} {ergonomic}
     uint G1ConcRefinementThreads                  = 13                                        {product} {ergonomic}
   size_t G1HeapRegionSize                         = 4194304                                   {product} {ergonomic}
    uintx GCDrainStackTargetSize                   = 64                                        {product} {ergonomic}
   size_t InitialHeapSize                          = 536870912                                 {product} {ergonomic}
   size_t MarkStackSize                            = 4194304                                   {product} {ergonomic}
   size_t MaxHeapSize                              = 8568963072                                {product} {ergonomic}
   size_t MaxNewSize                               = 5138022400                                {product} {ergonomic}
   size_t MinHeapDeltaBytes                        = 4194304                                   {product} {ergonomic}
   size_t MinHeapSize                              = 8388608                                   {product} {ergonomic}
    uintx NonNMethodCodeHeapSize                   = 7602480                                {pd product} {ergonomic}
    uintx NonProfiledCodeHeapSize                  = 122027880                              {pd product} {ergonomic}
    uintx ProfiledCodeHeapSize                     = 122027880                              {pd product} {ergonomic}
    uintx ReservedCodeCacheSize                    = 251658240                              {pd product} {ergonomic}
     bool SegmentedCodeCache                       = true                                      {product} {ergonomic}
   size_t SoftMaxHeapSize                          = 8568963072                             {manageable} {ergonomic}
     bool UseCompressedClassPointers               = true                           {product lp64_product} {ergonomic}
     bool UseCompressedOops                        = true                           {product lp64_product} {ergonomic}
     bool UseG1GC                                  = true                                      {product} {ergonomic}
     bool UseLargePagesIndividualAllocation        = false                                  {pd product} {ergonomic}

Logging:
Log output configuration:
 #0: stdout all=warning uptime,level,tags foldmultilines=false
 #1: stderr all=off uptime,level,tags foldmultilines=false

Environment Variables:
PATH=C:\WINDOWS\system32;C:\WINDOWS;C:\WINDOWS\System32\Wbem;C:\WINDOWS\System32\WindowsPowerShell\v1.0\;C:\WINDOWS\System32\OpenSSH\;C:\Program Files (x86)\NVIDIA Corporation\PhysX\Common;C:\Program Files\NVIDIA Corporation\NVIDIA NvDLISR;C:\Program Files\php\8.2.8;C:\ProgramData\ComposerSetup\bin;C:\Program Files\nodejs\;C:\Program Files\dotnet\;C:\Program Files\Git\cmd;C:\Program Files\Calibre2\;C:\Program Files\PowerShell\7\;C:\Users\ckker\AppData\Local\Programs\Python\Launcher\;C:\Users\ckker\AppData\Local\Programs\Python\Python311\Scripts\;C:\Users\ckker\AppData\Local\Programs\Python\Python311\;C:\Users\ckker\AppData\Local\Microsoft\WindowsApps;C:\Users\ckker\AppData\Local\JetBrains\Toolbox\scripts;C:\Users\ckker\AppData\Local\Programs\Microsoft VS Code\bin;C:\Users\ckker\AppData\Roaming\Composer\vendor\bin;C:\Users\ckker\AppData\Roaming\npm;C:\Users\ckker\AppData\Local\Programs\oh-my-posh\bin;C:\Users\ckker\AppData\Local\Microsoft\WindowsApps;C:\Users\ckker\AppData\Local\Microsoft\WinGet\Links;C:\Users\ckker\AppData\Local\bin\NASM;
USERNAME=ckker
OS=Windows_NT
PROCESSOR_IDENTIFIER=AMD64 Family 23 Model 8 Stepping 2, AuthenticAMD
TMP=C:\Users\ckker\AppData\Local\Temp
TEMP=C:\Users\ckker\AppData\Local\Temp



---------------  S Y S T E M  ---------------

OS:
 Windows 11 , 64 bit Build 22621 (10.0.22621.2506)
OS uptime: 0 days 8:19 hours
Hyper-V role detected

CPU: total 16 (initial active 16) (16 cores per cpu, 2 threads per core) family 23 model 8 stepping 2 microcode 0x0, cx8, cmov, fxsr, ht, mmx, 3dnowpref, sse, sse2, sse3, ssse3, sse4a, sse4.1, sse4.2, popcnt, lzcnt, tsc, tscinvbit, avx, avx2, aes, clmul, bmi1, bmi2, adx, sha, fma, vzeroupper, clflush, clflushopt, hv, rdtscp

Memory: 4k page, system-wide physical 32687M (13650M free)
TotalPageFile size 37551M (AvailPageFile size 9081M)
current process WorkingSet (physical memory assigned to process): 46M, peak: 46M
current process commit charge ("private bytes"): 628M, peak: 628M

vm_info: OpenJDK 64-Bit Server VM (19.0.2+7-FR) for windows-amd64 JRE (19.0.2+7-FR), built on Jan 13 2023 22:53:32 by "Administrator" with MS VC++ 15.9 (VS2017)

END.
